OK012708.1,NC_004718.3,80.044,30221,5047,575,2,29791,30,29697,0.0,22382
OK012708.1,NC_014470.1,77.896,24955,4578,577,3332,27820,3170,27652,0.0,16433
OK012708.1,NC_009019.1,66.397,12359,2737,865,9850,21509,9965,21606,0.0,2706
OK012708.1,DQ648794.1,65.914,13328,2953,971,8969,21509,9096,21620,0.0,2669
OK012708.1,NC_009021.1,67.010,10385,2383,634,11565,21435,11084,20939,0.0,2541
OK013022.1,NC_004718.3,80.087,30237,5037,574,2,29807,30,29713,0.0,22444
OK013022.1,NC_014470.1,77.916,24955,4573,577,3332,27820,3170,27652,0.0,16451
OK013022.1,NC_009019.1,66.405,12359,2736,865,9850,21509,9965,21606,0.0,2710
OK013022.1,DQ648794.1,65.929,13328,2951,971,8969,21509,9096,21620,0.0,2676
OK013022.1,NC_009021.1,66.991,10385,2385,634,11565,21435,11084,20939,0.0,2534
OK013505.1,NC_004718.3,80.087,30247,5039,575,2,29817,30,29723,0.0,22450
OK013505.1,NC_014470.1,77.919,24954,4574,574,3332,27820,3170,27652,0.0,16457
OK013505.1,NC_009019.1,66.402,12358,2738,863,9850,21509,9965,21606,0.0,2710
OK013505.1,DQ648794.1,65.926,13327,2953,970,8969,21509,9096,21620,0.0,2675
OK013505.1,NC_009021.1,66.994,10383,2388,631,11565,21435,11084,20939,0.0,2536
OK013508.1,NC_004718.3,80.085,30244,5045,574,2,29817,30,29723,0.0,22443
OK013508.1,NC_014470.1,77.901,24956,4575,579,3332,27820,3170,27652,0.0,16436
OK013508.1,NC_009019.1,66.405,12359,2736,863,9850,21509,9965,21606,0.0,2713
OK013508.1,DQ648794.1,65.919,13333,2944,971,8969,21509,9096,21620,0.0,2680
OK013508.1,NC_009021.1,66.991,10385,2385,634,11565,21435,11084,20939,0.0,2534
OK013589.1,NC_004718.3,80.074,30247,5043,574,2,29817,30,29723,0.0,22437
OK013589.1,NC_014470.1,77.908,24955,4575,577,3332,27820,3170,27652,0.0,16444
OK013589.1,NC_009019.1,66.402,12358,2738,865,9850,21509,9965,21606,0.0,2707
OK013589.1,DQ648794.1,65.919,13327,2954,971,8969,21509,9096,21620,0.0,2670
OK013589.1,NC_009021.1,66.991,10385,2385,634,11565,21435,11084,20939,0.0,2534
OK013935.1,NC_004718.3,80.062,30234,5046,573,2,29802,30,29714,0.0,22414
OK013935.1,NC_014470.1,77.907,24954,4577,575,3332,27820,3170,27652,0.0,16444
OK013935.1,NC_009019.1,66.394,12358,2739,863,9850,21509,9965,21606,0.0,2706
OK013935.1,DQ648794.1,65.919,13327,2954,970,8969,21509,9096,21620,0.0,2671
OK013935.1,NC_009021.1,66.988,10381,2392,629,11565,21435,11084,20939,0.0,2533
OK013996.1,NC_004718.3,80.076,30240,5045,574,2,29812,30,29718,0.0,22431
OK013996.1,NC_014470.1,77.908,24955,4575,574,3332,27820,3170,27652,0.0,16448
OK013996.1,NC_009019.1,66.413,12359,2735,865,9850,21509,9965,21606,0.0,2713
OK013996.1,DQ648794.1,65.929,13328,2951,971,8969,21509,9096,21620,0.0,2676
OK013996.1,NC_009021.1,67.000,10385,2384,635,11565,21435,11084,20939,0.0,2536
OK014145.1,NC_004718.3,80.061,30247,5037,582,2,29812,30,29718,0.0,22418
OK014145.1,NC_014470.1,77.888,24955,4580,576,3332,27820,3170,27652,0.0,16427
OK014145.1,NC_009019.1,66.443,12358,2733,864,9850,21509,9965,21606,0.0,2727
OK014145.1,DQ648794.1,65.966,13325,2951,971,8969,21509,9096,21620,0.0,2690
OK014145.1,NC_009021.1,67.004,10383,2387,632,11565,21435,11084,20939,0.0,2538
OK014299.1,NC_004718.3,80.056,30245,5051,570,2,29816,30,29723,0.0,22419
OK014299.1,NC_014470.1,77.912,24955,4574,574,3332,27820,3170,27652,0.0,16452
OK014299.1,NC_009019.1,66.418,12355,2741,861,9850,21509,9965,21606,0.0,2715
OK014299.1,DQ648794.1,65.941,13327,2951,970,8969,21509,9096,21620,0.0,2682
OK014299.1,NC_009021.1,66.984,10383,2389,631,11565,21435,11084,20939,0.0,2532
OK014707.1,NC_004718.3,80.079,30245,5045,574,2,29817,30,29723,0.0,22438
OK014707.1,NC_014470.1,77.905,24956,4574,577,3332,27820,3170,27652,0.0,16443
OK014707.1,NC_009019.1,66.410,12355,2742,864,9850,21509,9965,21606,0.0,2707
OK014707.1,DQ648794.1,65.931,13323,2959,972,8969,21509,9096,21620,0.0,2667
OK014707.1,NC_009021.1,67.007,10387,2380,637,11565,21435,11084,20939,0.0,2539
OK014859.1,NC_004718.3,80.080,30241,5040,574,1,29810,30,29717,0.0,22439
OK014859.1,NC_014470.1,77.910,24957,4571,579,3331,27819,3170,27652,0.0,16447
OK014859.1,NC_009019.1,66.405,12359,2736,865,9849,21508,9965,21606,0.0,2710
OK014859.1,DQ648794.1,65.921,13328,2952,971,8968,21508,9096,21620,0.0,2673
OK014859.1,NC_009021.1,67.000,10385,2384,634,11564,21434,11084,20939,0.0,2537
OK015370.1,NC_004718.3,80.081,30247,5041,574,2,29817,30,29723,0.0,22444
OK015370.1,NC_014470.1,77.914,24952,4579,572,3332,27820,3170,27652,0.0,16450
OK015370.1,NC_009019.1,66.405,12359,2736,865,9850,21509,9965,21606,0.0,2710
OK015370.1,DQ648794.1,65.921,13328,2952,971,8969,21509,9096,21620,0.0,2673
OK015370.1,NC_009021.1,67.013,10383,2386,631,11565,21435,11084,20939,0.0,2543
OK016840.1,NC_004718.3,80.071,30237,5044,573,2,29808,30,29714,0.0,22426
OK016840.1,NC_014470.1,77.909,24956,4573,579,3332,27820,3170,27652,0.0,16444
OK016840.1,NC_009019.1,66.405,12359,2736,864,9850,21509,9965,21606,0.0,2711
OK016840.1,DQ648794.1,65.919,13330,2949,970,8969,21509,9096,21620,0.0,2676
OK016840.1,NC_009021.1,66.997,10384,2386,633,11565,21435,11084,20939,0.0,2536
MZ977241.1,NC_004718.3,80.083,30245,5044,574,2,29817,30,29723,0.0,22442
MZ977241.1,NC_014470.1,77.912,24955,4574,574,3332,27820,3170,27652,0.0,16452
MZ977241.1,NC_009019.1,66.413,12359,2735,865,9850,21509,9965,21606,0.0,2713
MZ977241.1,DQ648794.1,65.929,13328,2951,971,8969,21509,9096,21620,0.0,2676
MZ977241.1,NC_009021.1,67.000,10385,2384,635,11565,21435,11084,20939,0.0,2536
MZ962700.1,NC_004718.3,80.059,30194,5039,568,1,29764,52,29693,0.0,22388
MZ962700.1,NC_014470.1,77.892,24959,4572,577,3308,27796,3170,27652,0.0,16437
MZ962700.1,NC_009019.1,66.381,12359,2739,864,9826,21485,9965,21606,0.0,2700
MZ962700.1,DQ648794.1,65.899,13328,2955,970,8945,21485,9096,21620,0.0,2663
MZ962700.1,NC_009021.1,67.013,10383,2386,631,11541,21411,11084,20939,0.0,2543
MZ970735.1,NC_004718.3,80.048,30192,5031,571,1,29749,52,29693,0.0,22377
MZ970735.1,NC_014470.1,77.905,24956,4574,577,3293,27781,3170,27652,0.0,16443
MZ970735.1,NC_009019.1,66.375,12360,2738,866,9811,21470,9965,21606,0.0,2696
MZ970735.1,DQ648794.1,65.894,13329,2954,972,8930,21470,9096,21620,0.0,2659
MZ970735.1,NC_009021.1,67.033,10383,2384,632,11526,21396,11084,20939,0.0,2549
MZ970738.1,NC_004718.3,80.056,30194,5040,567,1,29764,52,29693,0.0,22386
MZ970738.1,NC_014470.1,77.901,24956,4575,577,3308,27796,3170,27652,0.0,16439
MZ970738.1,NC_009019.1,66.383,12360,2737,866,9826,21485,9965,21606,0.0,2700
MZ970738.1,DQ648794.1,65.901,13329,2953,972,8945,21485,9096,21620,0.0,2663
MZ970738.1,NC_009021.1,67.013,10383,2386,632,11541,21411,11084,20939,0.0,2542
MZ970739.1,NC_004718.3,80.056,30200,5037,570,1,29768,48,29693,0.0,22389
MZ970739.1,NC_014470.1,77.901,24956,4575,577,3312,27800,3170,27652,0.0,16439
MZ970739.1,NC_009019.1,66.392,12360,2736,866,9830,21489,9965,21606,0.0,2704
MZ970739.1,DQ648794.1,65.909,13329,2952,972,8949,21489,9096,21620,0.0,2667
MZ970739.1,NC_009021.1,67.023,10380,2390,629,11545,21415,11084,20939,0.0,2545
MZ970740.1,NC_004718.3,80.052,30194,5041,567,1,29764,52,29693,0.0,22382
MZ970740.1,NC_014470.1,77.889,24956,4578,577,3308,27796,3170,27652,0.0,16428
MZ970740.1,NC_009019.1,66.375,12360,2738,866,9826,21485,9965,21606,0.0,2696
MZ970740.1,DQ648794.1,65.894,13329,2954,972,8945,21485,9096,21620,0.0,2659
MZ970740.1,NC_009021.1,67.004,10383,2387,630,11541,21411,11084,20939,0.0,2541
MZ970741.1,NC_004718.3,80.054,30197,5043,565,1,29768,48,29693,0.0,22388
MZ970741.1,NC_014470.1,77.901,24956,4575,577,3312,27800,3170,27652,0.0,16439
MZ970741.1,NC_009019.1,66.381,12359,2739,864,9830,21489,9965,21606,0.0,2700
MZ970741.1,DQ648794.1,65.901,13329,2953,972,8949,21489,9096,21620,0.0,2663
MZ970741.1,NC_009021.1,67.013,10383,2386,632,11545,21415,11084,20939,0.0,2542
MZ970745.1,NC_004718.3,80.038,30182,5043,567,1,29752,52,29681,0.0,22357
MZ970745.1,NC_014470.1,77.889,24956,4578,577,3308,27796,3170,27652,0.0,16428
MZ970745.1,NC_009019.1,66.383,12360,2737,866,9826,21485,9965,21606,0.0,2700
MZ970745.1,DQ648794.1,65.901,13329,2953,972,8945,21485,9096,21620,0.0,2663
MZ970745.1,NC_009021.1,67.013,10383,2386,630,11541,21411,11084,20939,0.0,2545
MZ970752.1,NC_004718.3,80.049,30194,5042,567,1,29764,52,29693,0.0,22378
MZ970752.1,NC_014470.1,77.893,24956,4577,577,3308,27796,3170,27652,0.0,16432
MZ970752.1,NC_009019.1,66.383,12360,2737,866,9826,21485,9965,21606,0.0,2700
MZ970752.1,DQ648794.1,65.901,13329,2953,972,8945,21485,9096,21620,0.0,2663
MZ970752.1,NC_009021.1,67.004,10383,2387,630,11541,21411,11084,20939,0.0,2541
MZ970753.1,NC_004718.3,80.052,30194,5041,567,1,29764,52,29693,0.0,22382
MZ970753.1,NC_014470.1,77.896,24955,4578,576,3308,27796,3170,27652,0.0,16434
MZ970753.1,NC_009019.1,66.383,12360,2737,866,9826,21485,9965,21606,0.0,2700
MZ970753.1,DQ648794.1,65.901,13329,2953,972,8945,21485,9096,21620,0.0,2663
MZ970753.1,NC_009021.1,67.004,10383,2387,630,11541,21411,11084,20939,0.0,2541
MZ970754.1,NC_004718.3,80.049,30194,5042,567,1,29764,52,29693,0.0,22378
MZ970754.1,NC_014470.1,77.893,24956,4577,577,3308,27796,3170,27652,0.0,16432
MZ970754.1,NC_009019.1,66.383,12360,2737,866,9826,21485,9965,21606,0.0,2700
MZ970754.1,DQ648794.1,65.901,13329,2953,972,8945,21485,9096,21620,0.0,2663
MZ970754.1,NC_009021.1,67.004,10383,2387,630,11541,21411,11084,20939,0.0,2541
MZ970755.1,NC_004718.3,80.052,30193,5043,565,1,29764,52,29693,0.0,22382
MZ970755.1,NC_014470.1,77.901,24956,4575,577,3308,27796,3170,27652,0.0,16439
MZ970755.1,NC_009019.1,66.381,12359,2739,864,9826,21485,9965,21606,0.0,2700
MZ970755.1,DQ648794.1,65.901,13329,2953,972,8945,21485,9096,21620,0.0,2663
MZ970755.1,NC_009021.1,67.013,10383,2386,632,11541,21411,11084,20939,0.0,2542
MZ970756.1,NC_004718.3,80.052,30198,5042,567,1,29768,48,29693,0.0,22384
MZ970756.1,NC_014470.1,77.901,24956,4575,577,3312,27800,3170,27652,0.0,16439
MZ970756.1,NC_009019.1,66.392,12360,2736,866,9830,21489,9965,21606,0.0,2704
MZ970756.1,DQ648794.1,65.909,13329,2952,972,8949,21489,9096,21620,0.0,2667
MZ970756.1,NC_009021.1,67.004,10383,2387,630,11545,21415,11084,20939,0.0,2541
MZ970757.1,NC_004718.3,80.056,30194,5040,567,1,29764,52,29693,0.0,22386
MZ970757.1,NC_014470.1,77.901,24956,4575,577,3308,27796,3170,27652,0.0,16439
MZ970757.1,NC_009019.1,66.392,12360,2736,866,9826,21485,9965,21606,0.0,2704
MZ970757.1,DQ648794.1,65.909,13329,2952,972,8945,21485,9096,21620,0.0,2667
MZ970757.1,NC_009021.1,67.004,10383,2387,630,11541,21411,11084,20939,0.0,2541
MZ970764.1,NC_004718.3,80.049,30194,5042,567,1,29764,52,29693,0.0,22378
MZ970764.1,NC_014470.1,77.893,24956,4577,577,3308,27796,3170,27652,0.0,16432
MZ970764.1,NC_009019.1,66.383,12360,2737,866,9826,21485,9965,21606,0.0,2700
MZ970764.1,DQ648794.1,65.901,13329,2953,972,8945,21485,9096,21620,0.0,2663
MZ970764.1,NC_009021.1,67.004,10383,2387,630,11541,21411,11084,20939,0.0,2541
OK012635.1,NC_004718.3,80.061,30252,5050,566,2,29829,30,29723,0.0,22436
OK012635.1,NC_014470.1,77.939,24953,4583,566,3332,27832,3170,27652,0.0,16475
OK012635.1,NC_009019.1,66.365,12368,2735,868,9850,21518,9965,21606,0.0,2696
OK012635.1,DQ648794.1,67.145,10452,2364,671,11585,21518,11721,21620,0.0,2575
OK012635.1,NC_009021.1,66.978,10384,2388,632,11574,21444,11084,20939,0.0,2530
OK012654.1,NC_004718.3,80.064,30252,5049,568,2,29829,30,29723,0.0,22437
OK012654.1,NC_014470.1,77.927,24954,4584,569,3332,27832,3170,27652,0.0,16462
OK012654.1,NC_009019.1,66.367,12366,2738,867,9850,21518,9965,21606,0.0,2695
OK012654.1,DQ648794.1,66.157,12679,2800,917,9572,21518,9701,21620,0.0,2647
OK012654.1,NC_009021.1,66.975,10380,2395,626,11574,21444,11084,20939,0.0,2531
OK012710.1,NC_004718.3,80.075,30253,5044,570,2,29829,30,29723,0.0,22448
OK012710.1,NC_014470.1,77.931,24954,4583,569,3332,27832,3170,27652,0.0,16466
OK012710.1,NC_009019.1,66.373,12368,2734,869,9850,21518,9965,21606,0.0,2698
OK012710.1,DQ648794.1,66.162,12681,2796,919,9572,21518,9701,21620,0.0,2650
OK012710.1,NC_009021.1,66.988,10384,2387,632,11574,21444,11084,20939,0.0,2534
OK012749.1,NC_004718.3,80.070,30246,5046,568,2,29823,30,29717,0.0,22439
OK012749.1,NC_014470.1,77.935,24954,4582,569,3332,27832,3170,27652,0.0,16470
OK012749.1,NC_009019.1,66.365,12368,2735,869,9850,21518,9965,21606,0.0,2694
OK012749.1,DQ648794.1,66.154,12681,2797,919,9572,21518,9701,21620,0.0,2647
OK012749.1,NC_009021.1,66.978,10384,2388,632,11574,21444,11084,20939,0.0,2530
OK012832.1,NC_004718.3,80.058,30248,5046,571,2,29823,30,29717,0.0,22426
OK012832.1,NC_014470.1,77.931,24954,4583,569,3332,27832,3170,27652,0.0,16466
OK012832.1,NC_009019.1,66.360,12372,2729,870,9850,21518,9965,21606,0.0,2697
OK012832.1,DQ648794.1,66.149,12685,2791,920,9572,21518,9701,21620,0.0,2650
OK012832.1,NC_009021.1,66.988,10384,2387,632,11574,21444,11084,20939,0.0,2534
OK012856.1,NC_004718.3,80.069,30249,5043,570,2,29824,30,29718,0.0,22440
OK012856.1,NC_014470.1,77.935,24954,4582,569,3332,27832,3170,27652,0.0,16470
OK012856.1,NC_009019.1,66.365,12368,2735,869,9850,21518,9965,21606,0.0,2694
OK012856.1,DQ648794.1,66.154,12681,2797,919,9572,21518,9701,21620,0.0,2647
OK012856.1,NC_009021.1,66.978,10384,2388,632,11574,21444,11084,20939,0.0,2530
OK012862.1,NC_004718.3,80.074,30252,5046,568,2,29829,30,29723,0.0,22448
OK012862.1,NC_014470.1,77.939,24954,4581,569,3332,27832,3170,27652,0.0,16474
OK012862.1,NC_009019.1,66.365,12368,2735,869,9850,21518,9965,21606,0.0,2694
OK012862.1,DQ648794.1,66.154,12681,2797,919,9572,21518,9701,21620,0.0,2647
OK012862.1,NC_009021.1,66.978,10384,2388,632,11574,21444,11084,20939,0.0,2530
OK012900.1,NC_004718.3,80.077,30252,5045,568,2,29829,30,29723,0.0,22452
OK012900.1,NC_014470.1,77.943,24954,4580,569,3332,27832,3170,27652,0.0,16477
OK012900.1,NC_009019.1,66.373,12368,2734,869,9850,21518,9965,21606,0.0,2698
OK012900.1,DQ648794.1,66.162,12681,2796,919,9572,21518,9701,21620,0.0,2650
OK012900.1,NC_009021.1,66.978,10384,2388,632,11574,21444,11084,20939,0.0,2530
OK012902.1,NC_004718.3,80.067,30246,5049,567,2,29824,30,29718,0.0,22435
OK012902.1,NC_014470.1,77.931,24954,4583,569,3332,27832,3170,27652,0.0,16466
OK012902.1,NC_009019.1,66.365,12368,2735,869,9850,21518,9965,21606,0.0,2694
OK012902.1,DQ648794.1,66.154,12681,2797,919,9572,21518,9701,21620,0.0,2647
OK012902.1,NC_009021.1,66.978,10384,2388,632,11574,21444,11084,20939,0.0,2530
OK012906.1,NC_004718.3,80.061,30252,5050,568,2,29829,30,29723,0.0,22433
OK012906.1,NC_014470.1,77.935,24954,4582,569,3332,27832,3170,27652,0.0,16470
OK012906.1,NC_009019.1,66.343,12369,2736,868,9850,21518,9965,21606,0.0,2687
OK012906.1,DQ648794.1,66.138,12681,2799,917,9572,21518,9701,21620,0.0,2642
OK012906.1,NC_009021.1,66.968,10384,2389,632,11574,21444,11084,20939,0.0,2526
OK012913.1,NC_004718.3,80.071,30247,5046,567,2,29824,30,29718,0.0,22442
OK012913.1,NC_014470.1,77.939,24954,4581,569,3332,27832,3170,27652,0.0,16474
OK012913.1,NC_009019.1,66.373,12368,2734,869,9850,21518,9965,21606,0.0,2698
OK012913.1,DQ648794.1,66.162,12681,2796,919,9572,21518,9701,21620,0.0,2650
OK012913.1,NC_009021.1,66.988,10384,2387,632,11574,21444,11084,20939,0.0,2534
OK013047.1,NC_004718.3,80.064,30242,5047,568,2,29819,30,29713,0.0,22429
OK013047.1,NC_014470.1,77.935,24954,4582,569,3332,27832,3170,27652,0.0,16470
OK013047.1,NC_009019.1,66.365,12368,2735,869,9850,21518,9965,21606,0.0,2694
OK013047.1,DQ648794.1,66.154,12681,2797,919,9572,21518,9701,21620,0.0,2647
OK013047.1,NC_009021.1,66.978,10384,2388,632,11574,21444,11084,20939,0.0,2530
OK013059.1,NC_004718.3,80.071,30252,5047,569,2,29829,30,29723,0.0,22443
OK013059.1,NC_014470.1,77.931,24954,4583,569,3332,27832,3170,27652,0.0,16466
OK013059.1,NC_009019.1,66.365,12368,2735,869,9850,21518,9965,21606,0.0,2694
OK013059.1,DQ648794.1,66.154,12681,2797,919,9572,21518,9701,21620,0.0,2647
OK013059.1,NC_009021.1,66.978,10384,2388,632,11574,21444,11084,20939,0.0,2530
OK013201.1,NC_004718.3,80.081,30252,5044,568,2,29829,30,29723,0.0,22455
OK013201.1,NC_014470.1,77.935,24954,4582,569,3332,27832,3170,27652,0.0,16470
OK013201.1,NC_009019.1,66.365,12368,2735,869,9850,21518,9965,21606,0.0,2694
OK013201.1,DQ648794.1,66.154,12681,2797,919,9572,21518,9701,21620,0.0,2647
OK013201.1,NC_009021.1,66.978,10384,2388,632,11574,21444,11084,20939,0.0,2530
MZ970734.1,NC_004718.3,79.906,30193,5032,575,1,29709,52,29693,0.0,22244
MZ970734.1,NC_014470.1,77.909,24956,4570,578,3308,27793,3170,27652,0.0,16448
MZ970734.1,NC_009019.1,66.386,12361,2735,868,9826,21485,9965,21606,0.0,2700
MZ970734.1,DQ648794.1,65.899,13328,2955,968,8945,21485,9096,21620,0.0,2666
MZ970734.1,NC_009021.1,66.968,10387,2384,632,11541,21411,11084,20939,0.0,2531
MZ817811.1,NC_004718.3,79.910,30199,5032,575,1,29715,46,29693,0.0,22253
MZ817811.1,NC_014470.1,77.914,24953,4574,578,3314,27799,3170,27652,0.0,16446
MZ817811.1,NC_009019.1,66.383,12360,2737,866,9832,21491,9965,21606,0.0,2700
MZ817811.1,DQ648794.1,65.896,13327,2957,966,8951,21491,9096,21620,0.0,2666
MZ817811.1,NC_009021.1,66.978,10387,2383,632,11547,21417,11084,20939,0.0,2535
MZ733553.1,NC_004718.3,79.888,30221,5039,577,1,29735,43,29710,0.0,22245
MZ733553.1,NC_014470.1,77.900,24955,4574,580,3317,27802,3170,27652,0.0,16434
MZ733553.1,NC_009019.1,66.381,12359,2739,865,9835,21494,9965,21606,0.0,2699
MZ733553.1,DQ648794.1,65.889,13333,2948,967,8954,21494,9096,21620,0.0,2671
MZ733553.1,NC_009021.1,66.991,10388,2380,633,11550,21420,11084,20939,0.0,2540
MZ716284.1,NC_004718.3,79.896,30193,5035,578,1,29709,52,29693,0.0,22229
MZ716284.1,NC_014470.1,77.914,24953,4574,578,3308,27793,3170,27652,0.0,16446
MZ716284.1,NC_009019.1,66.367,12360,2739,866,9826,21485,9965,21606,0.0,2693
MZ716284.1,DQ648794.1,65.881,13327,2959,966,8945,21485,9096,21620,0.0,2659
MZ716284.1,NC_009021.1,66.972,10385,2387,630,11541,21411,11084,20939,0.0,2532
MZ716401.1,NC_004718.3,79.885,30197,5031,575,1,29709,52,29693,0.0,22230
MZ716401.1,NC_014470.1,77.914,24953,4574,578,3308,27793,3170,27652,0.0,16446
MZ716401.1,NC_009019.1,66.400,12360,2735,866,9826,21485,9965,21606,0.0,2708
MZ716401.1,DQ648794.1,65.929,13322,2961,965,8945,21485,9096,21620,0.0,2675
MZ716401.1,NC_009021.1,66.981,10385,2386,629,11541,21411,11084,20939,0.0,2537
MZ684694.1,NC_004718.3,79.934,30225,5034,573,5,29747,40,29715,0.0,22299
MZ684694.1,NC_014470.1,77.901,24951,4581,575,3324,27809,3170,27652,0.0,16434
MZ684694.1,NC_009019.1,66.375,12360,2738,866,9842,21501,9965,21606,0.0,2696
MZ684694.1,DQ648794.1,65.911,13280,2942,965,8961,21454,9096,21576,0.0,2662
MZ684694.1,NC_009021.1,66.978,10387,2383,632,11557,21427,11084,20939,0.0,2535
MZ685892.1,NC_004718.3,79.925,30241,5035,576,2,29758,30,29718,0.0,22300
MZ685892.1,NC_014470.1,77.911,24954,4573,581,3332,27817,3170,27652,0.0,16441
MZ685892.1,NC_009019.1,66.386,12358,2740,865,9850,21509,9965,21606,0.0,2699
MZ685892.1,DQ648794.1,66.190,12668,2805,909,9572,21509,9701,21620,0.0,2663
MZ685892.1,NC_009021.1,66.978,10387,2383,632,11565,21435,11084,20939,0.0,2535
MZ685898.1,NC_004718.3,79.921,30230,5035,575,5,29750,40,29718,0.0,22288
MZ685898.1,NC_014470.1,77.918,24952,4575,578,3324,27809,3170,27652,0.0,16447
MZ685898.1,NC_009019.1,66.394,12358,2739,865,9842,21501,9965,21606,0.0,2703
MZ685898.1,DQ648794.1,66.198,12668,2804,909,9564,21501,9701,21620,0.0,2667
MZ685898.1,NC_009021.1,66.981,10388,2381,634,11557,21427,11084,20939,0.0,2535
MZ530308.1,NC_004718.3,79.903,30193,5033,579,1,29709,52,29693,0.0,22235
MZ530308.1,NC_014470.1,77.931,24953,4570,578,3308,27793,3170,27652,0.0,16461
MZ530308.1,NC_009019.1,66.383,12360,2737,866,9826,21485,9965,21606,0.0,2700
MZ530308.1,DQ648794.1,66.188,12670,2802,910,9548,21485,9701,21620,0.0,2664
MZ530308.1,NC_009021.1,66.978,10387,2383,632,11541,21411,11084,20939,0.0,2535
MZ530313.1,NC_004718.3,79.903,30193,5033,579,1,29709,52,29693,0.0,22235
MZ530313.1,NC_014470.1,77.931,24953,4570,578,3308,27793,3170,27652,0.0,16461
MZ530313.1,NC_009019.1,66.383,12360,2737,866,9826,21485,9965,21606,0.0,2700
MZ530313.1,DQ648794.1,66.188,12670,2802,910,9548,21485,9701,21620,0.0,2664
MZ530313.1,NC_009021.1,66.978,10387,2383,632,11541,21411,11084,20939,0.0,2535
MZ512948.1,NC_004718.3,80.100,30301,5039,579,6,29870,6,29751,0.0,22504
MZ512948.1,NC_014470.1,77.906,24953,4576,578,3362,27847,3170,27652,0.0,16439
MZ512948.1,NC_009019.1,66.383,12360,2737,866,9880,21539,9965,21606,0.0,2700
MZ512948.1,DQ648794.1,65.904,13324,2961,966,8999,21539,9096,21620,0.0,2664
MZ512948.1,NC_009021.1,66.978,10387,2383,632,11595,21465,11084,20939,0.0,2535
MZ498767.1,NC_004718.3,79.919,30232,5035,580,1,29748,32,29711,0.0,22281
MZ498767.1,NC_014470.1,77.910,24953,4575,578,3329,27814,3170,27652,0.0,16442
MZ498767.1,NC_009019.1,66.383,12360,2737,866,9847,21506,9965,21606,0.0,2700
MZ498767.1,DQ648794.1,65.896,13327,2957,966,8966,21506,9096,21620,0.0,2666
MZ498767.1,NC_009021.1,66.978,10387,2383,632,11562,21432,11084,20939,0.0,2535
MZ498771.1,NC_004718.3,79.917,30229,5035,580,1,29745,35,29711,0.0,22276
MZ498771.1,NC_014470.1,77.908,24955,4572,580,3326,27811,3170,27652,0.0,16442
MZ498771.1,NC_009019.1,66.383,12360,2737,866,9844,21503,9965,21606,0.0,2700
MZ498771.1,DQ648794.1,65.896,13327,2957,966,8963,21503,9096,21620,0.0,2666
MZ498771.1,NC_009021.1,66.978,10387,2383,632,11559,21429,11084,20939,0.0,2535
MZ500507.1,NC_004718.3,79.915,30231,5036,576,2,29748,30,29708,0.0,22282
MZ500507.1,NC_014470.1,77.910,24953,4575,578,3332,27817,3170,27652,0.0,16442
MZ500507.1,NC_009019.1,66.383,12360,2737,866,9850,21509,9965,21606,0.0,2700
MZ500507.1,DQ648794.1,65.899,13325,2960,965,8969,21509,9096,21620,0.0,2665
MZ500507.1,NC_009021.1,66.978,10387,2383,632,11565,21435,11084,20939,0.0,2535
MZ849085.1,NC_004718.3,79.991,30172,5034,574,1,29736,71,29675,0.0,22302
MZ849085.1,NC_014470.1,77.924,24955,4580,572,3289,27786,3170,27652,0.0,16460
MZ849085.1,NC_009019.1,66.365,12365,2740,867,9807,21475,9965,21606,0.0,2692
MZ849085.1,DQ648794.1,65.877,13334,2957,972,8926,21475,9096,21620,0.0,2653
MZ849085.1,NC_009021.1,67.004,10386,2382,638,11531,21401,11084,20939,0.0,2534
MZ672101.1,NC_004718.3,80.078,30258,5041,568,2,29836,30,29723,0.0,22461
MZ672101.1,NC_014470.1,77.911,24967,4571,573,3332,27838,3170,27652,0.0,16465
MZ672101.1,NC_009019.1,66.381,12365,2738,868,9850,21518,9965,21606,0.0,2698
MZ672101.1,DQ648794.1,65.884,13334,2956,972,8969,21518,9096,21620,0.0,2656
MZ672101.1,NC_009021.1,66.997,10384,2386,635,11574,21444,11084,20939,0.0,2533
MZ637362.1,NC_004718.3,80.027,30196,5032,580,1,29767,35,29660,0.0,22348
MZ637362.1,NC_014470.1,77.911,24963,4578,575,3326,27832,3170,27652,0.0,16454
MZ637362.1,NC_009019.1,66.370,12364,2741,868,9844,21512,9965,21606,0.0,2691
MZ637362.1,DQ648794.1,66.159,12677,2803,915,9566,21512,9701,21620,0.0,2648
MZ637362.1,NC_009021.1,66.988,10381,2392,634,11568,21438,11084,20939,0.0,2526
MZ604925.1,NC_004718.3,80.101,30318,5038,578,6,29900,6,29751,0.0,22522
MZ604925.1,NC_014470.1,77.909,24969,4574,575,3362,27874,3170,27652,0.0,16460
MZ604925.1,NC_009019.1,66.410,12358,2746,866,9880,21548,9965,21606,0.0,2702
MZ604925.1,DQ648794.1,65.887,13335,2954,973,8999,21548,9096,21620,0.0,2658
MZ604925.1,NC_009021.1,67.020,10382,2387,634,11604,21474,11084,20939,0.0,2540
MZ604926.1,NC_004718.3,80.104,30318,5037,578,6,29900,6,29751,0.0,22526
MZ604926.1,NC_014470.1,77.909,24969,4574,575,3362,27874,3170,27652,0.0,16460
MZ604926.1,NC_009019.1,66.410,12358,2746,866,9880,21548,9965,21606,0.0,2702
MZ604926.1,DQ648794.1,65.887,13335,2954,973,8999,21548,9096,21620,0.0,2658
MZ604926.1,NC_009021.1,67.020,10382,2387,634,11604,21474,11084,20939,0.0,2540
MZ576113.1,NC_004718.3,80.077,30282,5038,580,6,29861,6,29718,0.0,22466
MZ576113.1,NC_014470.1,77.932,24964,4571,577,3362,27868,3170,27652,0.0,16472
MZ576113.1,NC_009019.1,66.367,12366,2738,869,9880,21548,9965,21606,0.0,2692
MZ576113.1,DQ648794.1,65.879,13335,2955,973,8999,21548,9096,21620,0.0,2654
MZ576113.1,NC_009021.1,67.007,10381,2390,634,11604,21474,11084,20939,0.0,2533
MZ558291.1,NC_004718.3,80.061,30227,5032,574,1,29799,40,29699,0.0,22415
MZ558291.1,NC_014470.1,77.936,24959,4578,571,3320,27825,3170,27652,0.0,16474
MZ558291.1,NC_009019.1,66.419,12358,2745,866,9838,21506,9965,21606,0.0,2706
MZ558291.1,DQ648794.1,65.894,13335,2953,973,8957,21506,9096,21620,0.0,2661
MZ558291.1,NC_009021.1,67.007,10384,2385,635,11562,21432,11084,20939,0.0,2537
MZ538686.1,NC_004718.3,80.048,30258,5039,577,2,29831,6,29693,0.0,22422
MZ538686.1,NC_014470.1,77.927,24963,4573,576,3358,27863,3170,27652,0.0,16468
MZ538686.1,NC_009019.1,66.376,12366,2737,869,9876,21544,9965,21606,0.0,2696
MZ538686.1,DQ648794.1,65.879,13335,2955,973,8995,21544,9096,21620,0.0,2654
MZ538686.1,NC_009021.1,67.007,10384,2385,635,11600,21470,11084,20939,0.0,2537
MZ538797.1,NC_004718.3,80.057,30261,5031,581,2,29831,6,29693,0.0,22432
MZ538797.1,NC_014470.1,77.918,24962,4577,574,3358,27863,3170,27652,0.0,16460
MZ538797.1,NC_009019.1,66.351,12366,2740,869,9876,21544,9965,21606,0.0,2685
MZ538797.1,DQ648794.1,66.141,12679,2802,916,9598,21544,9701,21620,0.0,2641
MZ538797.1,NC_009021.1,67.007,10384,2385,635,11600,21470,11084,20939,0.0,2537
MZ512916.1,NC_004718.3,80.086,30316,5039,577,6,29893,6,29751,0.0,22508
MZ512916.1,NC_014470.1,77.922,24962,4576,574,3362,27867,3170,27652,0.0,16464
MZ512916.1,NC_009019.1,66.427,12358,2744,866,9880,21548,9965,21606,0.0,2710
MZ512916.1,DQ648794.1,65.902,13335,2952,973,8999,21548,9096,21620,0.0,2665
MZ512916.1,NC_009021.1,67.017,10384,2384,635,11604,21474,11084,20939,0.0,2540
MZ512988.1,NC_004718.3,80.093,30316,5037,577,6,29893,6,29751,0.0,22516
MZ512988.1,NC_014470.1,77.926,24962,4575,574,3362,27867,3170,27652,0.0,16468
MZ512988.1,NC_009019.1,66.384,12366,2736,869,9880,21548,9965,21606,0.0,2699
MZ512988.1,DQ648794.1,65.887,13335,2954,973,8999,21548,9096,21620,0.0,2658
MZ512988.1,NC_009021.1,66.997,10384,2386,635,11604,21474,11084,20939,0.0,2533
MZ467310.1,NC_004718.3,80.073,30265,5029,577,4,29835,6,29701,0.0,22458
MZ467310.1,NC_014470.1,77.922,24962,4576,574,3354,27859,3170,27652,0.0,16464
MZ467310.1,NC_009019.1,66.386,12364,2739,867,9872,21540,9965,21606,0.0,2700
MZ467310.1,DQ648794.1,65.889,13333,2957,971,8991,21540,9096,21620,0.0,2659
MZ467310.1,NC_009021.1,67.017,10384,2384,635,11596,21466,11084,20939,0.0,2540
MZ436120.1,NC_004718.3,80.051,30227,5035,574,6,29804,40,29699,0.0,22404
MZ436120.1,NC_014470.1,77.922,24962,4576,574,3325,27830,3170,27652,0.0,16464
MZ436120.1,NC_009019.1,66.359,12366,2739,869,9843,21511,9965,21606,0.0,2688
MZ436120.1,DQ648794.1,67.129,10453,2364,671,11578,21511,11721,21620,0.0,2570
MZ436120.1,NC_009021.1,66.997,10384,2386,635,11567,21437,11084,20939,0.0,2533
MZ411658.1,NC_004718.3,80.098,30309,5046,570,6,29891,6,29751,0.0,22518
MZ411658.1,NC_014470.1,77.916,24964,4572,573,3362,27865,3170,27652,0.0,16465
MZ411658.1,NC_009019.1,66.408,12360,2743,867,9880,21548,9965,21606,0.0,2703
MZ411658.1,DQ648794.1,65.892,13334,2955,971,8999,21548,9096,21620,0.0,2661
MZ411658.1,NC_009021.1,67.004,10383,2387,633,11604,21474,11084,20939,0.0,2537
MZ984080.1,NC_004718.3,80.053,30185,5042,572,1,29749,52,29693,0.0,22366
MZ984080.1,NC_014470.1,77.918,24952,4563,584,3308,27781,3170,27652,0.0,16447
MZ984080.1,NC_009019.1,66.416,12360,2733,866,9826,21485,9965,21606,0.0,2715
MZ984080.1,DQ648794.1,65.924,13329,2950,972,8945,21485,9096,21620,0.0,2674
MZ984080.1,NC_009021.1,67.001,10382,2389,629,11541,21411,11084,20939,0.0,2540
MZ995597.1,NC_004718.3,80.069,30235,5047,571,2,29802,30,29719,0.0,22423
MZ995597.1,NC_014470.1,77.906,24957,4560,585,3332,27808,3170,27652,0.0,16443
MZ995597.1,NC_009019.1,66.424,12360,2732,866,9850,21509,9965,21606,0.0,2719
MZ995597.1,DQ648794.1,65.926,13330,2948,972,8969,21509,9096,21620,0.0,2677
MZ995597.1,NC_009021.1,67.013,10380,2391,628,11565,21435,11084,20939,0.0,2543
MZ942542.1,NC_004718.3,79.995,30087,5041,570,1,29653,133,29675,0.0,22230
MZ942542.1,NC_014470.1,77.896,24955,4566,583,3227,27703,3170,27652,0.0,16433
MZ942542.1,NC_009019.1,66.402,12358,2738,862,9745,21404,9965,21606,0.0,2711
MZ942542.1,DQ648794.1,65.914,13328,2953,970,8864,21404,9096,21620,0.0,2670
MZ942542.1,NC_009021.1,66.975,10383,2390,631,11460,21330,11084,20939,0.0,2528
MZ943384.1,NC_004718.3,80.034,30182,5046,572,4,29750,40,29676,0.0,22344
MZ943384.1,NC_014470.1,77.903,24954,4566,584,3323,27799,3170,27652,0.0,16436
MZ943384.1,NC_009019.1,66.416,12360,2733,866,9841,21500,9965,21606,0.0,2715
MZ943384.1,DQ648794.1,65.924,13329,2950,972,8960,21500,9096,21620,0.0,2674
MZ943384.1,NC_009021.1,67.004,10383,2387,631,11556,21426,11084,20939,0.0,2540
MZ908711.1,NC_004718.3,80.050,30216,5048,572,5,29785,40,29710,0.0,22387
MZ908711.1,NC_014470.1,77.895,24954,4568,583,3324,27800,3170,27652,0.0,16430
MZ908711.1,NC_009019.1,66.413,12359,2735,865,9842,21501,9965,21606,0.0,2713
MZ908711.1,DQ648794.1,65.926,13327,2953,972,8961,21501,9096,21620,0.0,2672
MZ908711.1,NC_009021.1,67.004,10383,2387,631,11557,21427,11084,20939,0.0,2540
MZ854551.1,NC_004718.3,80.048,30218,5039,576,3,29780,40,29707,0.0,22388
MZ854551.1,NC_014470.1,77.896,24955,4566,582,3322,27798,3170,27652,0.0,16434
MZ854551.1,NC_009019.1,66.416,12360,2733,866,9840,21499,9965,21606,0.0,2715
MZ854551.1,DQ648794.1,65.924,13329,2950,972,8959,21499,9096,21620,0.0,2674
MZ854551.1,NC_009021.1,67.004,10383,2387,631,11555,21425,11084,20939,0.0,2540
MZ861063.1,NC_004718.3,80.024,30181,5051,570,4,29750,40,29676,0.0,22333
MZ861063.1,NC_014470.1,77.911,24954,4564,585,3323,27799,3170,27652,0.0,16442
MZ861063.1,NC_009019.1,66.416,12360,2733,866,9841,21500,9965,21606,0.0,2715
MZ861063.1,DQ648794.1,65.924,13329,2950,972,8960,21500,9096,21620,0.0,2674
MZ861063.1,NC_009021.1,67.004,10383,2387,630,11556,21426,11084,20939,0.0,2541
MZ861798.1,NC_004718.3,80.038,30182,5045,572,4,29750,40,29676,0.0,22348
MZ861798.1,NC_014470.1,77.903,24954,4566,584,3323,27799,3170,27652,0.0,16436
MZ861798.1,NC_009019.1,66.408,12360,2734,866,9841,21500,9965,21606,0.0,2711
MZ861798.1,DQ648794.1,65.916,13329,2951,972,8960,21500,9096,21620,0.0,2670
MZ861798.1,NC_009021.1,67.004,10383,2387,631,11556,21426,11084,20939,0.0,2540
MZ849971.1,NC_004718.3,80.065,30208,5043,572,4,29775,40,29704,0.0,22397
MZ849971.1,NC_014470.1,77.914,24952,4564,584,3323,27796,3170,27652,0.0,16443
MZ849971.1,NC_009019.1,66.416,12360,2733,866,9841,21500,9965,21606,0.0,2715
MZ849971.1,DQ648794.1,65.924,13329,2950,972,8960,21500,9096,21620,0.0,2674
MZ849971.1,NC_009021.1,67.001,10382,2389,629,11556,21426,11084,20939,0.0,2540
MZ780417.1,NC_004718.3,80.055,30248,5051,573,5,29816,26,29727,0.0,22421
MZ780417.1,NC_014470.1,77.887,24954,4570,583,3338,27814,3170,27652,0.0,16427
MZ780417.1,NC_009019.1,66.392,12360,2736,866,9856,21515,9965,21606,0.0,2707
MZ780417.1,DQ648794.1,65.879,13338,2941,975,8975,21515,9096,21620,0.0,2666
MZ780417.1,NC_009021.1,67.007,10381,2390,630,11571,21441,11084,20939,0.0,2540
MZ780900.1,NC_004718.3,80.073,30250,5046,575,3,29816,6,29709,0.0,22435
MZ780900.1,NC_014470.1,77.918,24952,4563,584,3359,27832,3170,27652,0.0,16447
MZ780900.1,NC_009019.1,66.416,12360,2733,866,9877,21536,9965,21606,0.0,2715
MZ780900.1,DQ648794.1,65.924,13329,2950,972,8996,21536,9096,21620,0.0,2674
MZ780900.1,NC_009021.1,67.001,10382,2389,629,11592,21462,11084,20939,0.0,2540
MZ784987.1,NC_004718.3,80.019,30149,5050,571,1,29717,70,29676,0.0,22299
MZ784987.1,NC_014470.1,77.894,24952,4572,581,3290,27766,3170,27652,0.0,16427
MZ784987.1,NC_009019.1,66.424,12360,2732,866,9808,21467,9965,21606,0.0,2719
MZ784987.1,DQ648794.1,65.931,13329,2949,972,8927,21467,9096,21620,0.0,2678
MZ784987.1,NC_009021.1,66.994,10383,2388,631,11523,21393,11084,20939,0.0,2536
MZ741279.1,NC_004718.3,80.059,30239,5051,571,2,29806,30,29723,0.0,22415
MZ741279.1,NC_014470.1,77.891,24954,4569,583,3332,27808,3170,27652,0.0,16426
MZ741279.1,NC_009019.1,66.416,12360,2733,867,9850,21509,9965,21606,0.0,2713
MZ741279.1,DQ648794.1,65.924,13329,2950,972,8969,21509,9096,21620,0.0,2674
MZ741279.1,NC_009021.1,67.004,10383,2387,632,11565,21435,11084,20939,0.0,2538
MZ724326.1,NC_004718.3,80.070,30236,5047,571,2,29803,30,29720,0.0,22425
MZ724326.1,NC_014470.1,77.907,24954,4565,583,3332,27808,3170,27652,0.0,16441
MZ724326.1,NC_009019.1,66.416,12360,2733,866,9850,21509,9965,21606,0.0,2715
MZ724326.1,DQ648794.1,65.924,13329,2950,972,8969,21509,9096,21620,0.0,2674
MZ724326.1,NC_009021.1,67.004,10383,2387,631,11565,21435,11084,20939,0.0,2540
MZ780381.1,NC_004718.3,80.036,30289,5055,575,3,29866,6,29727,0.0,22446
MZ780381.1,NC_014470.1,77.875,24963,4587,570,3359,27865,3170,27652,0.0,16438
MZ780381.1,NC_009019.1,66.370,12367,2736,867,9877,21545,9965,21606,0.0,2699
MZ780381.1,DQ648794.1,67.161,10448,2369,665,11612,21545,11721,21620,0.0,2584
MZ780381.1,NC_009021.1,66.968,10384,2389,633,11601,21471,11084,20939,0.0,2526
MZ724466.1,NC_004718.3,80.053,30235,5038,574,5,29812,40,29708,0.0,22411
MZ724466.1,NC_014470.1,77.898,24962,4583,568,3324,27830,3170,27652,0.0,16450
MZ724466.1,NC_009019.1,66.354,12373,2728,872,9842,21510,9965,21606,0.0,2693
MZ724466.1,DQ648794.1,65.872,13341,2946,979,8961,21510,9096,21620,0.0,2652
MZ724466.1,NC_009021.1,66.988,10384,2387,633,11566,21436,11084,20939,0.0,2532
MZ724506.1,NC_004718.3,80.061,30237,5037,571,2,29812,30,29700,0.0,22425
MZ724506.1,NC_014470.1,77.912,24959,4585,565,3332,27838,3170,27652,0.0,16460
MZ724506.1,NC_009019.1,66.362,12370,2732,869,9850,21518,9965,21606,0.0,2696
MZ724506.1,DQ648794.1,65.860,13348,2936,979,8969,21518,9096,21620,0.0,2658
MZ724506.1,NC_009021.1,66.978,10384,2388,632,11574,21444,11084,20939,0.0,2530
MZ724507.1,NC_004718.3,80.052,30234,5039,571,1,29808,34,29701,0.0,22413
MZ724507.1,NC_014470.1,77.908,24959,4586,565,3327,27833,3170,27652,0.0,16457
MZ724507.1,NC_009019.1,66.351,12369,2735,867,9845,21513,9965,21606,0.0,2693
MZ724507.1,DQ648794.1,65.850,13347,2939,977,8964,21513,9096,21620,0.0,2654
MZ724507.1,NC_009021.1,66.978,10384,2388,632,11569,21439,11084,20939,0.0,2530
MZ702637.1,NC_004718.3,80.041,30227,5036,571,1,29795,48,29709,0.0,22399
MZ702637.1,NC_014470.1,77.918,24953,4588,565,3312,27812,3170,27652,0.0,16458
MZ702637.1,NC_009019.1,66.354,12370,2733,869,9830,21498,9965,21606,0.0,2693
MZ702637.1,DQ648794.1,65.872,13338,2951,976,8949,21498,9096,21620,0.0,2651
MZ702637.1,NC_009021.1,66.988,10384,2387,633,11554,21424,11084,20939,0.0,2532
MZ702699.1,NC_004718.3,80.042,30224,5041,568,1,29795,48,29709,0.0,22398
MZ702699.1,NC_014470.1,77.924,24950,4592,564,3312,27812,3170,27652,0.0,16458
MZ702699.1,NC_009019.1,66.346,12370,2734,869,9830,21498,9965,21606,0.0,2689
MZ702699.1,DQ648794.1,65.865,13341,2947,979,8949,21498,9096,21620,0.0,2648
MZ702699.1,NC_009021.1,66.981,10385,2386,634,11554,21424,11084,20939,0.0,2530
MZ684714.1,NC_004718.3,80.058,30257,5036,576,2,29829,30,29717,0.0,22433
MZ684714.1,NC_014470.1,77.894,24961,4586,569,3332,27838,3170,27652,0.0,16442
MZ684714.1,NC_009019.1,66.349,12368,2737,867,9850,21518,9965,21606,0.0,2690
MZ684714.1,DQ648794.1,67.135,10452,2365,670,11585,21518,11721,21620,0.0,2572
MZ684714.1,NC_009021.1,66.988,10384,2387,633,11574,21444,11084,20939,0.0,2532
MZ685740.1,NC_004718.3,80.059,30259,5036,576,2,29831,30,29719,0.0,22436
MZ685740.1,NC_014470.1,77.899,24958,4590,564,3332,27838,3170,27652,0.0,16448
MZ685740.1,NC_009019.1,66.349,12368,2737,867,9850,21518,9965,21606,0.0,2690
MZ685740.1,DQ648794.1,67.135,10452,2365,670,11585,21518,11721,21620,0.0,2572
MZ685740.1,NC_009021.1,66.988,10384,2387,633,11574,21444,11084,20939,0.0,2532
MZ571142.1,NC_004718.3,80.059,30244,5033,577,4,29818,26,29700,0.0,22423
MZ571142.1,NC_014470.1,77.910,24962,4580,568,3337,27843,3170,27652,0.0,16461
MZ571142.1,NC_009019.1,66.362,12370,2732,869,9855,21523,9965,21606,0.0,2696
MZ571142.1,DQ648794.1,65.887,13338,2949,976,8974,21523,9096,21620,0.0,2659
MZ571142.1,NC_009021.1,66.988,10384,2387,633,11579,21449,11084,20939,0.0,2532
MZ562746.1,NC_004718.3,80.056,30259,5041,575,6,29837,26,29717,0.0,22431
MZ562746.1,NC_014470.1,77.902,24962,4582,568,3339,27845,3170,27652,0.0,16454
MZ562746.1,NC_009019.1,66.370,12370,2731,869,9857,21525,9965,21606,0.0,2700
MZ562746.1,DQ648794.1,65.887,13338,2949,976,8976,21525,9096,21620,0.0,2659
MZ562746.1,NC_009021.1,66.997,10384,2386,633,11581,21451,11084,20939,0.0,2536
MZ562747.1,NC_004718.3,80.044,30257,5045,572,4,29833,26,29716,0.0,22421
MZ562747.1,NC_014470.1,77.898,24962,4583,570,3337,27843,3170,27652,0.0,16447
MZ562747.1,NC_009019.1,66.370,12370,2731,868,9855,21523,9965,21606,0.0,2702
MZ562747.1,DQ648794.1,65.887,13338,2949,975,8974,21523,9096,21620,0.0,2660
MZ562747.1,NC_009021.1,66.991,10385,2385,634,11579,21449,11084,20939,0.0,2534
MZ562748.1,NC_004718.3,80.050,30260,5040,574,4,29834,26,29717,0.0,22429
MZ562748.1,NC_014470.1,77.904,24964,4578,573,3337,27843,3170,27652,0.0,16452
MZ562748.1,NC_009019.1,66.351,12369,2735,867,9855,21523,9965,21606,0.0,2693
MZ562748.1,DQ648794.1,65.869,13337,2953,974,8974,21523,9096,21620,0.0,2651
MZ562748.1,NC_009021.1,66.988,10384,2387,633,11579,21449,11084,20939,0.0,2532
MZ562749.1,NC_004718.3,80.084,30262,5038,571,4,29840,26,29723,0.0,22467
MZ562749.1,NC_014470.1,77.916,24959,4584,565,3337,27843,3170,27652,0.0,16464
MZ562749.1,NC_009019.1,66.370,12370,2731,869,9855,21523,9965,21606,0.0,2700
MZ562749.1,DQ648794.1,65.882,13339,2948,976,8974,21523,9096,21620,0.0,2658
MZ562749.1,NC_009021.1,66.988,10384,2387,632,11579,21449,11084,20939,0.0,2534
MZ562756.1,NC_004718.3,80.047,30261,5037,573,4,29833,26,29716,0.0,22431
MZ562756.1,NC_014470.1,77.898,24962,4583,570,3337,27843,3170,27652,0.0,16447
MZ562756.1,NC_009019.1,66.354,12370,2733,869,9855,21523,9965,21606,0.0,2693
MZ562756.1,DQ648794.1,65.872,13338,2951,976,8974,21523,9096,21620,0.0,2651
MZ562756.1,NC_009021.1,66.988,10384,2387,633,11579,21449,11084,20939,0.0,2532
MZ983984.1,NC_004718.3,80.023,30214,5037,576,2,29782,6,29653,0.0,22363
MZ983984.1,NC_014470.1,77.895,24967,4566,579,3358,27855,3170,27652,0.0,16448
MZ983984.1,NC_009019.1,66.402,12361,2733,867,9876,21535,9965,21606,0.0,2709
MZ983984.1,DQ648794.1,65.909,13326,2957,969,8995,21535,9096,21620,0.0,2666
MZ983984.1,NC_009021.1,67.023,10383,2385,632,11591,21461,11084,20939,0.0,2546
MZ984461.1,NC_004718.3,79.997,30106,5023,577,1,29670,133,29675,0.0,22253
MZ984461.1,NC_014470.1,77.892,24964,4569,579,3227,27721,3170,27652,0.0,16441
MZ984461.1,NC_009019.1,66.389,12362,2733,868,9745,21404,9965,21606,0.0,2703
MZ984461.1,DQ648794.1,65.911,13327,2955,970,8864,21404,9096,21620,0.0,2667
MZ984461.1,NC_009021.1,67.004,10383,2387,631,11460,21330,11084,20939,0.0,2540
MZ987731.1,NC_004718.3,79.971,30106,5036,572,1,29674,133,29676,0.0,22227
MZ987731.1,NC_014470.1,77.865,24969,4570,583,3227,27724,3170,27652,0.0,16418
MZ987731.1,NC_009019.1,66.389,12362,2733,868,9745,21404,9965,21606,0.0,2703
MZ987731.1,DQ648794.1,65.911,13327,2955,970,8864,21404,9096,21620,0.0,2667
MZ987731.1,NC_009021.1,66.975,10383,2390,631,11460,21330,11084,20939,0.0,2528
MZ990136.1,NC_004718.3,79.986,30094,5039,570,1,29661,133,29675,0.0,22230
MZ990136.1,NC_014470.1,77.893,24960,4573,577,3227,27718,3170,27652,0.0,16438
MZ990136.1,NC_009019.1,66.386,12361,2735,865,9742,21401,9965,21606,0.0,2705
MZ990136.1,DQ648794.1,65.909,13326,2957,967,8861,21401,9096,21620,0.0,2669
MZ990136.1,NC_009021.1,66.984,10383,2389,631,11457,21327,11084,20939,0.0,2532
MZ995753.1,NC_004718.3,80.049,30259,5038,576,2,29826,30,29723,0.0,22426
MZ995753.1,NC_014470.1,77.888,24968,4566,581,3332,27829,3170,27652,0.0,16440
MZ995753.1,NC_009019.1,66.373,12359,2740,864,9850,21509,9965,21606,0.0,2696
MZ995753.1,DQ648794.1,65.896,13324,2962,966,8969,21509,9096,21620,0.0,2661
MZ995753.1,NC_009021.1,66.975,10383,2390,631,11565,21435,11084,20939,0.0,2528
MZ964828.1,NC_004718.3,80.056,30255,5035,576,2,29822,30,29719,0.0,22431
MZ964828.1,NC_014470.1,77.885,24969,4565,580,3332,27829,3170,27652,0.0,16441
MZ964828.1,NC_009019.1,66.378,12361,2736,866,9850,21509,9965,21606,0.0,2699
MZ964828.1,DQ648794.1,65.901,13326,2958,968,8969,21509,9096,21620,0.0,2664
MZ964828.1,NC_009021.1,67.010,10382,2388,630,11565,21435,11084,20939,0.0,2542
MZ965576.1,NC_004718.3,80.057,30201,5035,573,1,29772,52,29693,0.0,22388
MZ965576.1,NC_014470.1,77.891,24967,4567,579,3308,27805,3170,27652,0.0,16444
MZ965576.1,NC_009019.1,66.397,12362,2732,868,9826,21485,9965,21606,0.0,2707
MZ965576.1,DQ648794.1,65.904,13327,2956,970,8945,21485,9096,21620,0.0,2664
MZ965576.1,NC_009021.1,67.013,10383,2386,631,11541,21411,11084,20939,0.0,2543
MZ965901.1,NC_004718.3,80.057,30201,5035,573,1,29772,52,29693,0.0,22388
MZ965901.1,NC_014470.1,77.891,24967,4567,579,3308,27805,3170,27652,0.0,16444
MZ965901.1,NC_009019.1,66.397,12362,2732,868,9826,21485,9965,21606,0.0,2707
MZ965901.1,DQ648794.1,65.904,13327,2956,970,8945,21485,9096,21620,0.0,2664
MZ965901.1,NC_009021.1,67.013,10383,2386,631,11541,21411,11084,20939,0.0,2543
MZ970783.1,NC_004718.3,80.036,30205,5034,573,1,29772,52,29693,0.0,22374
MZ970783.1,NC_014470.1,77.887,24967,4568,579,3308,27805,3170,27652,0.0,16440
MZ970783.1,NC_009019.1,66.381,12362,2734,868,9826,21485,9965,21606,0.0,2699
MZ970783.1,DQ648794.1,65.904,13327,2956,970,8945,21485,9096,21620,0.0,2664
MZ970783.1,NC_009021.1,67.004,10383,2387,631,11541,21411,11084,20939,0.0,2540
MZ970793.1,NC_004718.3,80.026,30204,5039,572,1,29772,52,29693,0.0,22361
MZ970793.1,NC_014470.1,77.883,24967,4569,580,3308,27805,3170,27652,0.0,16435
MZ970793.1,NC_009019.1,66.405,12362,2731,868,9826,21485,9965,21606,0.0,2711
MZ970793.1,DQ648794.1,65.926,13327,2953,970,8945,21485,9096,21620,0.0,2675
MZ970793.1,NC_009021.1,66.994,10383,2388,631,11541,21411,11084,20939,0.0,2536
MZ970801.1,NC_004718.3,79.961,30201,5041,578,1,29749,52,29693,0.0,22290
MZ970801.1,NC_014470.1,77.865,24965,4577,580,3308,27805,3170,27652,0.0,16414
MZ970801.1,NC_009019.1,66.233,12678,2798,900,9542,21485,9678,21606,0.0,2702
MZ970801.1,DQ648794.1,65.921,13322,2962,965,8945,21485,9096,21620,0.0,2671
MZ970801.1,NC_009021.1,66.984,10383,2389,630,11541,21411,11084,20939,0.0,2534
MZ970807.1,NC_004718.3,80.030,30206,5034,575,1,29772,52,29693,0.0,22366
MZ970807.1,NC_014470.1,77.884,24973,4558,586,3308,27805,3170,27652,0.0,16440
MZ970807.1,NC_009019.1,66.397,12362,2732,868,9826,21485,9965,21606,0.0,2707
MZ970807.1,DQ648794.1,65.919,13327,2954,970,8945,21485,9096,21620,0.0,2671
MZ970807.1,NC_009021.1,66.988,10387,2382,636,11541,21411,11084,20939,0.0,2533
MZ970808.1,NC_004718.3,80.033,30205,5035,573,1,29772,52,29693,0.0,22370
MZ970808.1,NC_014470.1,77.871,24967,4572,579,3308,27805,3170,27652,0.0,16425
MZ970808.1,NC_009019.1,66.378,12361,2736,866,9826,21485,9965,21606,0.0,2699
MZ970808.1,DQ648794.1,65.901,13326,2958,968,8945,21485,9096,21620,0.0,2664
MZ970808.1,NC_009021.1,66.988,10381,2392,627,11541,21411,11084,20939,0.0,2536
MZ970810.1,NC_004718.3,80.033,30205,5035,573,1,29772,52,29693,0.0,22370
MZ970810.1,NC_014470.1,77.887,24967,4568,579,3308,27805,3170,27652,0.0,16440
MZ970810.1,NC_009019.1,66.389,12362,2733,868,9826,21485,9965,21606,0.0,2703
MZ970810.1,DQ648794.1,65.911,13327,2955,970,8945,21485,9096,21620,0.0,2667
MZ970810.1,NC_009021.1,66.981,10382,2391,629,11541,21411,11084,20939,0.0,2532
OK012716.1,NC_004718.3,80.039,30249,5040,575,2,29819,30,29711,0.0,22408
OK012716.1,NC_014470.1,77.905,24969,4560,581,3332,27829,3170,27652,0.0,16458
OK012716.1,NC_009019.1,66.375,12357,2743,865,9850,21509,9965,21606,0.0,2693
OK012716.1,DQ648794.1,65.899,13325,2960,973,8969,21509,9096,21620,0.0,2653
OK012716.1,NC_009021.1,67.013,10383,2386,631,11565,21435,11084,20939,0.0,2543
OK012891.1,NC_004718.3,80.036,30254,5048,572,2,29827,30,29719,0.0,22408
OK012891.1,NC_014470.1,77.903,24967,4564,576,3332,27829,3170,27652,0.0,16460
OK012891.1,NC_009019.1,66.375,12360,2738,867,9850,21509,9965,21606,0.0,2695
OK012891.1,DQ648794.1,65.899,13331,2950,974,8969,21509,9096,21620,0.0,2662
OK012891.1,NC_009021.1,67.013,10380,2391,629,11565,21435,11084,20939,0.0,2541
OK013374.1,NC_004718.3,80.055,30258,5043,572,2,29831,30,29723,0.0,22432
OK013374.1,NC_014470.1,77.922,24962,4568,576,3332,27829,3170,27652,0.0,16467
OK013374.1,NC_009019.1,66.383,12360,2737,866,9850,21509,9965,21606,0.0,2700
OK013374.1,DQ648794.1,65.901,13329,2953,972,8969,21509,9096,21620,0.0,2663
OK013374.1,NC_009021.1,67.023,10383,2385,631,11565,21435,11084,20939,0.0,2547
OK013808.1,NC_004718.3,80.054,30247,5041,572,2,29820,30,29712,0.0,22423
OK013808.1,NC_014470.1,77.909,24965,4566,573,3332,27829,3170,27652,0.0,16465
OK013808.1,NC_009019.1,66.359,12363,2735,869,9850,21509,9965,21606,0.0,2690
OK013808.1,DQ648794.1,65.886,13329,2955,972,8969,21509,9096,21620,0.0,2656
OK013808.1,NC_009021.1,67.013,10383,2386,631,11565,21435,11084,20939,0.0,2543
OK015482.1,NC_004718.3,80.045,30258,5046,572,2,29831,30,29723,0.0,22421
OK015482.1,NC_014470.1,77.894,24966,4568,575,3332,27829,3170,27652,0.0,16451
OK015482.1,NC_009019.1,66.375,12360,2738,867,9850,21509,9965,21606,0.0,2695
OK015482.1,DQ648794.1,65.899,13331,2950,974,8969,21509,9096,21620,0.0,2662
OK015482.1,NC_009021.1,67.013,10380,2391,629,11565,21435,11084,20939,0.0,2541
OK016680.1,NC_004718.3,80.039,30259,5046,575,2,29831,30,29723,0.0,22412
OK016680.1,NC_014470.1,77.917,24965,4564,578,3332,27829,3170,27652,0.0,16465
OK016680.1,NC_009019.1,66.383,12360,2737,866,9850,21509,9965,21606,0.0,2700
OK016680.1,DQ648794.1,65.901,13329,2953,972,8969,21509,9096,21620,0.0,2663
OK016680.1,NC_009021.1,67.023,10383,2385,631,11565,21435,11084,20939,0.0,2547
MZ977726.1,NC_004718.3,80.042,30243,5045,572,2,29815,30,29710,0.0,22406
MZ977726.1,NC_014470.1,77.914,24962,4567,576,3332,27826,3170,27652,0.0,16462
MZ977726.1,NC_009019.1,66.381,12359,2739,866,9850,21509,9965,21606,0.0,2697
MZ977726.1,DQ648794.1,65.889,13330,2953,972,8969,21509,9096,21620,0.0,2659
MZ977726.1,NC_009021.1,67.042,10383,2383,632,11565,21435,11084,20939,0.0,2553
MZ978262.1,NC_004718.3,80.028,30252,5042,576,2,29818,30,29716,0.0,22397
MZ978262.1,NC_014470.1,77.915,24963,4562,577,3332,27823,3170,27652,0.0,16465
MZ978262.1,NC_009019.1,66.375,12360,2738,866,9850,21509,9965,21606,0.0,2696
MZ978262.1,DQ648794.1,65.894,13329,2954,972,8969,21509,9096,21620,0.0,2659
MZ978262.1,NC_009021.1,67.013,10383,2386,631,11565,21435,11084,20939,0.0,2543
MZ978268.1,NC_004718.3,80.051,30247,5048,570,2,29823,30,29715,0.0,22418
MZ978268.1,NC_014470.1,77.902,24966,4566,576,3332,27829,3170,27652,0.0,16457
MZ978268.1,NC_009019.1,66.367,12363,2734,869,9850,21509,9965,21606,0.0,2693
MZ978268.1,DQ648794.1,65.894,13329,2954,972,8969,21509,9096,21620,0.0,2659
MZ978268.1,NC_009021.1,67.013,10383,2386,631,11565,21435,11084,20939,0.0,2543
MZ978279.1,NC_004718.3,80.031,30242,5049,571,2,29816,30,29708,0.0,22394
MZ978279.1,NC_014470.1,77.903,24967,4564,580,3332,27829,3170,27652,0.0,16454
MZ978279.1,NC_009019.1,66.365,12365,2731,870,9850,21509,9965,21606,0.0,2694
MZ978279.1,DQ648794.1,65.884,13334,2947,976,8969,21509,9096,21620,0.0,2657
MZ978279.1,NC_009021.1,67.013,10386,2381,634,11565,21435,11084,20939,0.0,2544
MZ978320.1,NC_004718.3,80.048,30258,5045,572,2,29831,30,29723,0.0,22425
MZ978320.1,NC_014470.1,77.906,24966,4565,578,3332,27829,3170,27652,0.0,16457
MZ978320.1,NC_009019.1,66.359,12360,2740,865,9850,21509,9965,21606,0.0,2690
MZ978320.1,DQ648794.1,65.879,13329,2956,971,8969,21509,9096,21620,0.0,2653
MZ978320.1,NC_009021.1,67.004,10383,2387,631,11565,21435,11084,20939,0.0,2540
MZ978563.1,NC_004718.3,80.028,30258,5051,571,2,29831,30,29723,0.0,22404
MZ978563.1,NC_014470.1,77.906,24966,4565,578,3332,27829,3170,27652,0.0,16457
MZ978563.1,NC_009019.1,66.389,12362,2733,868,9850,21509,9965,21606,0.0,2703
MZ978563.1,DQ648794.1,65.911,13327,2955,969,8969,21509,9096,21620,0.0,2669
MZ978563.1,NC_009021.1,67.033,10383,2384,631,11565,21435,11084,20939,0.0,2551
MZ979065.1,NC_004718.3,80.036,30254,5046,572,2,29826,30,29718,0.0,22409
MZ979065.1,NC_014470.1,77.914,24966,4563,578,3332,27829,3170,27652,0.0,16465
MZ979065.1,NC_009019.1,66.367,12360,2739,866,9850,21509,9965,21606,0.0,2693
MZ979065.1,DQ648794.1,65.886,13329,2955,972,8969,21509,9096,21620,0.0,2656
MZ979065.1,NC_009021.1,67.013,10383,2386,631,11565,21435,11084,20939,0.0,2543
MZ979100.1,NC_004718.3,80.028,30243,5048,572,2,29816,30,29708,0.0,22392
MZ979100.1,NC_014470.1,77.891,24967,4567,576,3332,27829,3170,27652,0.0,16448
MZ979100.1,NC_009019.1,66.367,12360,2739,867,9850,21509,9965,21606,0.0,2691
MZ979100.1,DQ648794.1,65.892,13331,2951,974,8969,21509,9096,21620,0.0,2659
MZ979100.1,NC_009021.1,67.017,10381,2389,631,11565,21435,11084,20939,0.0,2541
