OK012708.1,MG772933.1,87.953,29907,3295,177,1,29791,31,29745,0.0,31024
OK012708.1,MG772934.1,87.718,29906,3297,193,1,29791,31,29675,0.0,30790
OK012708.1,KY417146.1,80.155,30209,5075,560,2,29791,30,29737,0.0,22473
OK012708.1,KY417152.1,80.131,30208,5086,554,2,29791,30,29739,0.0,22451
OK012708.1,KC881006.1,80.099,30204,5103,547,2,29791,30,29739,0.0,22416
OK013022.1,MG772933.1,87.986,29923,3287,177,1,29807,31,29761,0.0,31078
OK013022.1,MG772934.1,87.748,29922,3290,193,1,29807,31,29691,0.0,30839
OK013022.1,KY417146.1,80.199,30225,5065,560,2,29807,30,29753,0.0,22533
OK013022.1,KY417152.1,80.175,30224,5076,554,2,29807,30,29755,0.0,22512
OK013022.1,KC881006.1,80.143,30221,5091,549,2,29807,30,29755,0.0,22477
OK013505.1,MG772933.1,87.973,29924,3291,176,1,29808,31,29762,0.0,31066
OK013505.1,MG772934.1,87.742,29923,3292,193,1,29808,31,29692,0.0,30833
OK013505.1,KY417146.1,80.196,30237,5064,562,2,29817,30,29763,0.0,22540
OK013505.1,KY417152.1,80.173,30236,5075,556,2,29817,30,29765,0.0,22519
OK013505.1,KC881006.1,80.140,30231,5094,549,2,29817,30,29765,0.0,22481
OK013508.1,MG772933.1,87.976,29924,3290,177,1,29808,31,29762,0.0,31068
OK013508.1,MG772934.1,87.745,29923,3291,193,1,29808,31,29692,0.0,30837
OK013508.1,KY417146.1,80.181,30238,5067,563,2,29817,30,29763,0.0,22523
OK013508.1,KY417152.1,80.163,30237,5076,557,2,29817,30,29765,0.0,22509
OK013508.1,KC881006.1,80.128,30234,5092,552,2,29817,30,29765,0.0,22470
OK013589.1,MG772933.1,87.956,29924,3296,177,1,29808,31,29762,0.0,31046
OK013589.1,MG772934.1,87.722,29923,3298,193,1,29808,31,29692,0.0,30811
OK013589.1,KY417146.1,80.179,30235,5073,560,2,29817,30,29763,0.0,22519
OK013589.1,KY417152.1,80.155,30234,5084,554,2,29817,30,29765,0.0,22497
OK013589.1,KC881006.1,80.123,30231,5099,549,2,29817,30,29765,0.0,22462
OK013935.1,MG772933.1,87.953,29924,3291,179,1,29802,31,29762,0.0,31044
OK013935.1,MG772934.1,87.718,29923,3293,198,1,29802,31,29692,0.0,30804
OK013935.1,KY417146.1,80.171,30224,5071,560,2,29802,30,29754,0.0,22504
OK013935.1,KY417152.1,80.140,30221,5088,549,2,29802,30,29756,0.0,22476
OK013935.1,KC881006.1,80.113,30220,5098,548,2,29802,30,29756,0.0,22445
OK013996.1,MG772933.1,87.954,29927,3291,179,1,29808,31,29762,0.0,31048
OK013996.1,MG772934.1,87.716,29925,3296,192,1,29808,31,29692,0.0,30811
OK013996.1,KY417146.1,80.169,30230,5075,560,2,29812,30,29758,0.0,22504
OK013996.1,KY417152.1,80.152,30229,5084,555,2,29812,30,29760,0.0,22488
OK013996.1,KC881006.1,80.120,30226,5099,550,2,29812,30,29760,0.0,22453
OK014145.1,MG772933.1,87.969,29923,3294,174,1,29808,31,29762,0.0,31062
OK014145.1,MG772934.1,87.739,29925,3289,196,1,29808,31,29692,0.0,30831
OK014145.1,KY417146.1,80.179,30235,5063,567,2,29812,30,29758,0.0,22516
OK014145.1,KY417152.1,80.157,30233,5075,559,2,29812,30,29760,0.0,22498
OK014145.1,KC881006.1,80.134,30227,5093,550,2,29812,30,29760,0.0,22471
OK014299.1,MG772933.1,87.946,29924,3298,177,1,29807,31,29762,0.0,31035
OK014299.1,MG772934.1,87.708,29923,3301,194,1,29807,31,29692,0.0,30795
OK014299.1,KY417146.1,80.153,30237,5076,562,2,29816,30,29763,0.0,22493
OK014299.1,KY417152.1,80.134,30233,5091,552,2,29816,30,29765,0.0,22475
OK014299.1,KC881006.1,80.106,30230,5105,545,2,29816,30,29765,0.0,22447
OK014707.1,MG772933.1,87.980,29924,3289,177,1,29808,31,29762,0.0,31072
OK014707.1,MG772934.1,87.739,29923,3293,193,1,29808,31,29692,0.0,30830
OK014707.1,KY417146.1,80.189,30235,5070,561,2,29817,30,29763,0.0,22528
OK014707.1,KY417152.1,80.165,30234,5081,555,2,29817,30,29765,0.0,22507
OK014707.1,KC881006.1,80.133,30231,5096,550,2,29817,30,29765,0.0,22472
OK014859.1,MG772933.1,87.976,29923,3290,177,1,29807,32,29762,0.0,31067
OK014859.1,MG772934.1,87.741,29922,3292,193,1,29807,32,29692,0.0,30832
OK014859.1,KY417146.1,80.191,30229,5068,560,1,29810,30,29757,0.0,22528
OK014859.1,KY417152.1,80.167,30228,5079,554,1,29810,30,29759,0.0,22507
OK014859.1,KC881006.1,80.129,30225,5096,549,1,29810,30,29759,0.0,22464
OK015370.1,MG772933.1,87.973,29924,3291,177,1,29808,31,29762,0.0,31064
OK015370.1,MG772934.1,87.739,29923,3293,193,1,29808,31,29692,0.0,30830
OK015370.1,KY417146.1,80.192,30235,5069,560,2,29817,30,29763,0.0,22533
OK015370.1,KY417152.1,80.168,30234,5080,554,2,29817,30,29765,0.0,22512
OK015370.1,KC881006.1,80.136,30231,5095,549,2,29817,30,29765,0.0,22477
OK016840.1,MG772933.1,87.963,29924,3294,177,1,29808,31,29762,0.0,31053
OK016840.1,MG772934.1,87.729,29923,3296,193,1,29808,31,29692,0.0,30819
OK016840.1,KY417146.1,80.182,30225,5072,559,2,29808,30,29754,0.0,22515
OK016840.1,KY417152.1,80.158,30224,5083,553,2,29808,30,29756,0.0,22493
OK016840.1,KC881006.1,80.126,30221,5098,548,2,29808,30,29756,0.0,22458
MZ977241.1,MG772933.1,87.957,29927,3290,179,1,29808,31,29762,0.0,31052
MZ977241.1,MG772934.1,87.719,29925,3295,192,1,29808,31,29692,0.0,30815
MZ977241.1,KY417146.1,80.175,30235,5074,560,2,29817,30,29763,0.0,22515
MZ977241.1,KY417152.1,80.158,30234,5083,555,2,29817,30,29765,0.0,22499
MZ977241.1,KC881006.1,80.126,30231,5098,550,2,29817,30,29765,0.0,22464
MZ962700.1,MG772933.1,87.965,29889,3270,181,1,29764,55,29741,0.0,31028
MZ962700.1,MG772934.1,87.740,29887,3271,197,1,29764,55,29671,0.0,30801
MZ962700.1,KY417152.1,80.157,30177,5082,547,1,29764,52,29735,0.0,22460
MZ962700.1,KY417146.1,80.166,30176,5079,554,1,29764,52,29733,0.0,22459
MZ962700.1,KC881006.1,80.125,30174,5097,546,1,29764,52,29735,0.0,22419
MZ970735.1,MG772933.1,87.929,29889,3266,186,1,29749,55,29741,0.0,30991
MZ970735.1,MG772934.1,87.694,29889,3266,202,1,29749,55,29671,0.0,30759
MZ970735.1,KY417152.1,80.136,30175,5077,551,1,29749,52,29735,0.0,22437
MZ970735.1,KY417146.1,80.145,30174,5074,558,1,29749,52,29733,0.0,22436
MZ970735.1,KC881006.1,80.104,30172,5092,550,1,29749,52,29735,0.0,22396
MZ970738.1,MG772933.1,87.955,29889,3273,181,1,29764,55,29741,0.0,31017
MZ970738.1,MG772934.1,87.734,29888,3271,199,1,29764,55,29671,0.0,30794
MZ970738.1,KY417152.1,80.150,30177,5084,547,1,29764,52,29735,0.0,22452
MZ970738.1,KY417146.1,80.153,30176,5083,554,1,29764,52,29733,0.0,22444
MZ970738.1,KC881006.1,80.119,30174,5099,546,1,29764,52,29735,0.0,22412
MZ970739.1,MG772933.1,87.960,29893,3272,181,1,29768,51,29741,0.0,31027
MZ970739.1,MG772934.1,87.739,29892,3270,199,1,29768,51,29671,0.0,30804
MZ970739.1,KY417152.1,80.151,30183,5081,550,1,29768,48,29735,0.0,22456
MZ970739.1,KY417146.1,80.154,30182,5080,557,1,29768,48,29733,0.0,22448
MZ970739.1,KC881006.1,80.119,30180,5096,549,1,29768,48,29735,0.0,22415
MZ970740.1,MG772933.1,87.959,29889,3272,181,1,29764,55,29741,0.0,31021
MZ970740.1,MG772934.1,87.738,29888,3270,199,1,29764,55,29671,0.0,30798
MZ970740.1,KY417152.1,80.147,30177,5085,547,1,29764,52,29735,0.0,22449
MZ970740.1,KY417146.1,80.150,30176,5084,554,1,29764,52,29733,0.0,22441
MZ970740.1,KC881006.1,80.115,30174,5100,546,1,29764,52,29735,0.0,22408
MZ970741.1,MG772933.1,87.957,29893,3273,181,1,29768,51,29741,0.0,31023
MZ970741.1,MG772934.1,87.736,29892,3271,199,1,29768,51,29671,0.0,30800
MZ970741.1,KY417152.1,80.153,30181,5084,548,1,29768,48,29735,0.0,22457
MZ970741.1,KY417146.1,80.156,30180,5083,555,1,29768,48,29733,0.0,22449
MZ970741.1,KC881006.1,80.112,30179,5100,543,1,29768,48,29735,0.0,22414
MZ970745.1,MG772933.1,87.947,29877,3274,181,1,29752,55,29729,0.0,30995
MZ970745.1,MG772934.1,87.726,29876,3272,199,1,29752,55,29659,0.0,30772
MZ970745.1,KY417152.1,80.133,30165,5087,547,1,29752,52,29723,0.0,22423
MZ970745.1,KY417146.1,80.135,30164,5086,554,1,29752,52,29721,0.0,22415
MZ970745.1,KC881006.1,80.101,30162,5102,546,1,29752,52,29723,0.0,22383
MZ970752.1,MG772933.1,87.955,29889,3273,181,1,29764,55,29741,0.0,31017
MZ970752.1,MG772934.1,87.734,29888,3271,199,1,29764,55,29671,0.0,30794
MZ970752.1,KY417152.1,80.144,30177,5086,547,1,29764,52,29735,0.0,22445
MZ970752.1,KY417146.1,80.146,30176,5085,554,1,29764,52,29733,0.0,22437
MZ970752.1,KC881006.1,80.112,30174,5101,546,1,29764,52,29735,0.0,22404
MZ970753.1,MG772933.1,87.952,29889,3274,181,1,29764,55,29741,0.0,31013
MZ970753.1,MG772934.1,87.731,29888,3272,199,1,29764,55,29671,0.0,30790
MZ970753.1,KY417152.1,80.147,30177,5085,547,1,29764,52,29735,0.0,22449
MZ970753.1,KY417146.1,80.150,30176,5084,554,1,29764,52,29733,0.0,22441
MZ970753.1,KC881006.1,80.115,30174,5100,546,1,29764,52,29735,0.0,22408
MZ970754.1,MG772933.1,87.955,29889,3273,181,1,29764,55,29741,0.0,31017
MZ970754.1,MG772934.1,87.734,29888,3271,199,1,29764,55,29671,0.0,30794
MZ970754.1,KY417152.1,80.144,30177,5086,547,1,29764,52,29735,0.0,22445
MZ970754.1,KY417146.1,80.146,30176,5085,554,1,29764,52,29733,0.0,22437
MZ970754.1,KC881006.1,80.112,30174,5101,546,1,29764,52,29735,0.0,22404
MZ970755.1,MG772933.1,87.955,29889,3273,181,1,29764,55,29741,0.0,31017
MZ970755.1,MG772934.1,87.734,29888,3271,199,1,29764,55,29671,0.0,30794
MZ970755.1,KY417152.1,80.150,30177,5084,548,1,29764,52,29735,0.0,22451
MZ970755.1,KY417146.1,80.153,30176,5083,555,1,29764,52,29733,0.0,22443
MZ970755.1,KC881006.1,80.109,30175,5100,543,1,29764,52,29735,0.0,22408
MZ970756.1,MG772933.1,87.964,29893,3271,181,1,29768,51,29741,0.0,31030
MZ970756.1,MG772934.1,87.743,29892,3269,199,1,29768,51,29671,0.0,30807
MZ970756.1,KY417152.1,80.146,30181,5086,547,1,29768,48,29735,0.0,22451
MZ970756.1,KY417146.1,80.149,30180,5085,554,1,29768,48,29733,0.0,22443
MZ970756.1,KC881006.1,80.115,30178,5101,546,1,29768,48,29735,0.0,22410
MZ970757.1,MG772933.1,87.955,29889,3273,181,1,29764,55,29741,0.0,31017
MZ970757.1,MG772934.1,87.734,29888,3271,199,1,29764,55,29671,0.0,30794
MZ970757.1,KY417152.1,80.150,30177,5084,547,1,29764,52,29735,0.0,22452
MZ970757.1,KY417146.1,80.153,30176,5083,554,1,29764,52,29733,0.0,22444
MZ970757.1,KC881006.1,80.119,30174,5099,546,1,29764,52,29735,0.0,22412
MZ970764.1,MG772933.1,87.955,29889,3273,181,1,29764,55,29741,0.0,31017
MZ970764.1,MG772934.1,87.734,29888,3271,199,1,29764,55,29671,0.0,30794
MZ970764.1,KY417152.1,80.144,30177,5086,547,1,29764,52,29735,0.0,22445
MZ970764.1,KY417146.1,80.146,30176,5085,554,1,29764,52,29733,0.0,22437
MZ970764.1,KC881006.1,80.112,30174,5101,546,1,29764,52,29735,0.0,22404
OK012635.1,MG772933.1,87.987,29933,3282,178,1,29820,31,29762,0.0,31092
OK012635.1,MG772934.1,87.774,29929,3283,197,1,29820,31,29692,0.0,30870
OK012635.1,KY417146.1,80.163,30236,5088,551,2,29829,30,29763,0.0,22507
OK012635.1,KY417152.1,80.165,30235,5091,551,2,29829,30,29765,0.0,22507
OK012635.1,KC881006.1,80.137,30232,5105,550,2,29829,30,29765,0.0,22470
OK012654.1,MG772933.1,87.987,29933,3282,178,1,29820,31,29762,0.0,31092
OK012654.1,MG772934.1,87.774,29929,3283,197,1,29820,31,29692,0.0,30870
OK012654.1,KY417146.1,80.163,30236,5088,553,2,29829,30,29763,0.0,22504
OK012654.1,KY417152.1,80.165,30235,5091,553,2,29829,30,29765,0.0,22504
OK012654.1,KC881006.1,80.137,30232,5105,552,2,29829,30,29765,0.0,22467
OK012710.1,MG772933.1,87.987,29933,3282,178,1,29820,31,29762,0.0,31092
OK012710.1,MG772934.1,87.774,29929,3283,197,1,29820,31,29692,0.0,30870
OK012710.1,KY417152.1,80.173,30236,5087,554,2,29829,30,29765,0.0,22513
OK012710.1,KY417146.1,80.165,30239,5082,555,2,29829,30,29763,0.0,22510
OK012710.1,KC881006.1,80.144,30233,5101,553,2,29829,30,29765,0.0,22475
OK012749.1,MG772933.1,87.993,29933,3280,178,1,29820,31,29762,0.0,31099
OK012749.1,MG772934.1,87.781,29929,3281,197,1,29820,31,29692,0.0,30877
OK012749.1,KY417146.1,80.169,30230,5085,552,2,29823,30,29757,0.0,22508
OK012749.1,KY417152.1,80.171,30229,5088,552,2,29823,30,29759,0.0,22507
OK012749.1,KC881006.1,80.143,30226,5102,551,2,29823,30,29759,0.0,22470
OK012832.1,MG772933.1,87.993,29933,3280,178,1,29820,31,29762,0.0,31099
OK012832.1,MG772934.1,87.781,29929,3281,197,1,29820,31,29692,0.0,30877
OK012832.1,KY417152.1,80.163,30231,5087,555,2,29823,30,29759,0.0,22498
OK012832.1,KY417146.1,80.153,30232,5086,555,2,29823,30,29757,0.0,22491
OK012832.1,KC881006.1,80.134,30228,5101,554,2,29823,30,29759,0.0,22461
OK012856.1,MG772933.1,87.990,29933,3281,178,1,29820,31,29762,0.0,31096
OK012856.1,MG772934.1,87.778,29929,3282,197,1,29820,31,29692,0.0,30873
OK012856.1,KY417152.1,80.170,30232,5085,554,2,29824,30,29760,0.0,22508
OK012856.1,KY417146.1,80.166,30231,5086,552,2,29824,30,29758,0.0,22506
OK012856.1,KC881006.1,80.142,30229,5099,553,2,29824,30,29760,0.0,22471
OK012862.1,MG772933.1,88.000,29933,3278,178,1,29820,31,29762,0.0,31107
OK012862.1,MG772934.1,87.788,29929,3279,197,1,29820,31,29692,0.0,30885
OK012862.1,KY417146.1,80.173,30236,5085,552,2,29829,30,29763,0.0,22517
OK012862.1,KY417152.1,80.175,30235,5088,552,2,29829,30,29765,0.0,22516
OK012862.1,KC881006.1,80.147,30232,5102,551,2,29829,30,29765,0.0,22479
OK012900.1,MG772933.1,87.983,29933,3283,178,1,29820,31,29762,0.0,31088
OK012900.1,MG772934.1,87.771,29929,3284,197,1,29820,31,29692,0.0,30866
OK012900.1,KY417146.1,80.176,30236,5084,552,2,29829,30,29763,0.0,22521
OK012900.1,KY417152.1,80.180,30232,5092,550,2,29829,30,29765,0.0,22518
OK012900.1,KC881006.1,80.152,30229,5106,549,2,29829,30,29765,0.0,22481
OK012902.1,MG772933.1,87.981,29936,3278,181,1,29820,31,29762,0.0,31089
OK012902.1,MG772934.1,87.771,29929,3284,197,1,29820,31,29692,0.0,30866
OK012902.1,KY417146.1,80.165,30230,5088,551,2,29824,30,29758,0.0,22504
OK012902.1,KY417152.1,80.168,30229,5091,551,2,29824,30,29760,0.0,22504
OK012902.1,KC881006.1,80.140,30226,5105,550,2,29824,30,29760,0.0,22467
OK012906.1,MG772933.1,87.983,29933,3283,178,1,29820,31,29762,0.0,31088
OK012906.1,MG772934.1,87.771,29929,3284,197,1,29820,31,29692,0.0,30866
OK012906.1,KY417146.1,80.159,30236,5089,552,2,29829,30,29763,0.0,22502
OK012906.1,KY417152.1,80.162,30235,5092,552,2,29829,30,29765,0.0,22501
OK012906.1,KC881006.1,80.134,30232,5106,551,2,29829,30,29765,0.0,22464
OK012913.1,MG772933.1,87.990,29933,3281,178,1,29820,31,29762,0.0,31096
OK012913.1,MG772934.1,87.778,29929,3282,197,1,29820,31,29692,0.0,30873
OK012913.1,KY417146.1,80.169,30231,5085,552,2,29824,30,29758,0.0,22510
OK012913.1,KY417152.1,80.172,30230,5088,552,2,29824,30,29760,0.0,22509
OK012913.1,KC881006.1,80.144,30227,5102,551,2,29824,30,29760,0.0,22472
OK013047.1,MG772933.1,87.993,29932,3280,178,1,29819,31,29761,0.0,31098
OK013047.1,MG772934.1,87.781,29928,3281,197,1,29819,31,29691,0.0,30876
OK013047.1,KY417146.1,80.163,30226,5086,552,2,29819,30,29753,0.0,22499
OK013047.1,KY417152.1,80.165,30225,5089,552,2,29819,30,29755,0.0,22498
OK013047.1,KC881006.1,80.137,30222,5103,551,2,29819,30,29755,0.0,22461
OK013059.1,MG772933.1,87.987,29933,3282,178,1,29820,31,29762,0.0,31092
OK013059.1,MG772934.1,87.774,29929,3283,197,1,29820,31,29692,0.0,30870
OK013059.1,KY417146.1,80.169,30236,5086,553,2,29829,30,29763,0.0,22512
OK013059.1,KY417152.1,80.172,30235,5089,553,2,29829,30,29765,0.0,22511
OK013059.1,KC881006.1,80.144,30232,5103,552,2,29829,30,29765,0.0,22474
OK013201.1,MG772933.1,88.000,29933,3278,178,1,29820,31,29762,0.0,31107
OK013201.1,MG772934.1,87.788,29929,3279,197,1,29820,31,29692,0.0,30885
OK013201.1,KY417146.1,80.179,30236,5083,552,2,29829,30,29763,0.0,22525
OK013201.1,KY417152.1,80.182,30235,5086,552,2,29829,30,29765,0.0,22524
OK013201.1,KC881006.1,80.153,30232,5100,551,2,29829,30,29765,0.0,22487
MZ970734.1,MG772933.1,87.829,29882,3269,180,1,29709,55,29741,0.0,30901
MZ970734.1,MG772934.1,87.578,29883,3272,197,1,29709,55,29671,0.0,30652
MZ970734.1,KY417146.1,80.011,30182,5060,561,1,29709,52,29733,0.0,22329
MZ970734.1,KY417152.1,79.994,30181,5069,554,1,29709,52,29735,0.0,22316
MZ970734.1,KC881006.1,79.967,30175,5088,551,1,29709,52,29735,0.0,22277
MZ817811.1,MG772933.1,87.831,29888,3269,180,1,29715,49,29741,0.0,30910
MZ817811.1,MG772934.1,87.584,29889,3271,197,1,29715,49,29671,0.0,30665
MZ817811.1,KY417146.1,80.015,30188,5060,561,1,29715,46,29733,0.0,22338
MZ817811.1,KY417152.1,79.998,30187,5069,554,1,29715,46,29735,0.0,22325
MZ817811.1,KC881006.1,79.971,30181,5088,551,1,29715,46,29735,0.0,22286
MZ733553.1,MG772933.1,87.826,29908,3273,180,1,29735,46,29758,0.0,30925
MZ733553.1,MG772934.1,87.579,29909,3275,197,1,29735,46,29688,0.0,30680
MZ733553.1,KY417146.1,80.004,30206,5071,558,1,29735,43,29750,0.0,22340
MZ733553.1,KY417152.1,79.987,30205,5080,551,1,29735,43,29752,0.0,22328
MZ733553.1,KC881006.1,79.966,30199,5097,548,1,29735,43,29752,0.0,22296
MZ716284.1,MG772933.1,87.819,29882,3272,180,1,29709,55,29741,0.0,30890
MZ716284.1,MG772934.1,87.572,29883,3274,197,1,29709,55,29671,0.0,30645
MZ716284.1,KY417146.1,79.995,30182,5065,561,1,29709,52,29733,0.0,22311
MZ716284.1,KY417152.1,79.977,30181,5074,554,1,29709,52,29735,0.0,22298
MZ716284.1,KC881006.1,79.954,30175,5092,551,1,29709,52,29735,0.0,22262
MZ716401.1,MG772933.1,87.818,29880,3276,180,1,29709,55,29741,0.0,30884
MZ716401.1,MG772934.1,87.571,29881,3278,197,1,29709,55,29671,0.0,30639
MZ716401.1,KY417146.1,79.998,30182,5064,561,1,29709,52,29733,0.0,22314
MZ716401.1,KY417152.1,79.981,30181,5073,556,1,29709,52,29735,0.0,22299
MZ716401.1,KC881006.1,79.956,30174,5093,554,1,29709,52,29735,0.0,22259
MZ684694.1,MG772933.1,87.817,29919,3277,180,1,29746,39,29762,0.0,30926
MZ684694.1,MG772934.1,87.570,29920,3279,197,1,29746,39,29692,0.0,30681
MZ684694.1,KY417146.1,80.044,30216,5057,561,5,29747,40,29755,0.0,22391
MZ684694.1,KY417152.1,80.025,30213,5070,552,5,29747,40,29757,0.0,22375
MZ684694.1,KC881006.1,80.004,30206,5087,548,6,29747,41,29757,0.0,22343
MZ685892.1,MG772933.1,87.827,29927,3275,181,1,29754,31,29762,0.0,30944
MZ685892.1,MG772934.1,87.580,29928,3277,197,1,29754,31,29692,0.0,30700
MZ685892.1,KY417146.1,80.030,30230,5063,562,2,29758,30,29758,0.0,22385
MZ685892.1,KY417152.1,80.013,30229,5072,555,2,29758,30,29760,0.0,22372
MZ685892.1,KC881006.1,79.982,30223,5092,552,2,29758,30,29760,0.0,22329
MZ685898.1,MG772933.1,87.824,29919,3275,181,1,29746,39,29762,0.0,30932
MZ685898.1,MG772934.1,87.577,29920,3277,197,1,29746,39,29692,0.0,30688
MZ685898.1,KY417146.1,80.026,30219,5063,561,5,29750,40,29758,0.0,22373
MZ685898.1,KY417152.1,80.009,30218,5072,554,5,29750,40,29760,0.0,22360
MZ685898.1,KC881006.1,79.981,30211,5091,551,6,29750,41,29760,0.0,22319
MZ530308.1,MG772933.1,87.819,29882,3272,180,1,29709,55,29741,0.0,30890
MZ530308.1,MG772934.1,87.572,29883,3274,197,1,29709,55,29671,0.0,30645
MZ530308.1,KY417146.1,80.001,30182,5063,561,1,29709,52,29733,0.0,22318
MZ530308.1,KY417152.1,79.991,30181,5070,554,1,29709,52,29735,0.0,22313
MZ530308.1,KC881006.1,79.958,30176,5089,552,1,29709,52,29735,0.0,22267
MZ530313.1,MG772933.1,87.819,29882,3272,180,1,29709,55,29741,0.0,30890
MZ530313.1,MG772934.1,87.572,29883,3274,197,1,29709,55,29671,0.0,30645
MZ530313.1,KY417146.1,80.001,30182,5063,561,1,29709,52,29733,0.0,22318
MZ530313.1,KY417152.1,79.991,30181,5070,554,1,29709,52,29735,0.0,22313
MZ530313.1,KC881006.1,79.958,30176,5089,552,1,29709,52,29735,0.0,22267
MZ512948.1,MG772933.1,87.982,29996,3280,181,6,29875,6,29802,0.0,31156
MZ512948.1,MG772934.1,87.739,29997,3281,198,6,29875,6,29732,0.0,30914
MZ512948.1,KY417146.1,80.205,30280,5067,563,6,29861,6,29782,0.0,22582
MZ512948.1,KY417152.1,80.179,30266,5072,558,6,29846,6,29769,0.0,22551
MZ512948.1,KC881006.1,80.162,30281,5096,553,6,29869,6,29792,0.0,22539
MZ498767.1,MG772933.1,87.831,29921,3273,179,1,29748,34,29759,0.0,30946
MZ498767.1,MG772934.1,87.591,29922,3273,197,1,29748,34,29689,0.0,30706
MZ498767.1,KY417146.1,80.027,30221,5062,562,1,29748,32,29751,0.0,22375
MZ498767.1,KY417152.1,80.010,30220,5071,555,1,29748,32,29753,0.0,22363
MZ498767.1,KC881006.1,79.979,30214,5091,552,1,29748,32,29753,0.0,22319
MZ498771.1,MG772933.1,87.830,29917,3273,179,2,29745,38,29759,0.0,30940
MZ498771.1,MG772934.1,87.589,29918,3273,197,2,29745,38,29689,0.0,30700
MZ498771.1,KY417146.1,80.025,30218,5062,562,1,29745,35,29751,0.0,22371
MZ498771.1,KY417152.1,80.008,30217,5071,555,1,29745,35,29753,0.0,22358
MZ498771.1,KC881006.1,79.983,30204,5089,551,8,29745,41,29753,0.0,22316
MZ500507.1,MG772933.1,87.835,29921,3272,180,1,29748,31,29756,0.0,30948
MZ500507.1,MG772934.1,87.588,29922,3274,197,1,29748,31,29686,0.0,30703
MZ500507.1,KY417146.1,80.026,30220,5062,562,2,29748,30,29748,0.0,22374
MZ500507.1,KY417152.1,80.011,30221,5067,557,2,29748,30,29750,0.0,22364
MZ500507.1,KC881006.1,79.979,30213,5091,552,2,29748,30,29750,0.0,22318
MZ849085.1,MG772933.1,87.899,29858,3283,182,1,29736,74,29723,0.0,30923
MZ849085.1,MG772934.1,87.674,29855,3286,195,1,29736,74,29653,0.0,30698
MZ849085.1,KY417146.1,80.086,30155,5076,553,1,29736,71,29715,0.0,22372
MZ849085.1,KY417152.1,80.074,30152,5087,550,1,29736,71,29717,0.0,22355
MZ849085.1,KC881006.1,80.059,30149,5097,546,1,29736,71,29717,0.0,22337
MZ672101.1,MG772933.1,87.987,29935,3285,178,1,29827,31,29762,0.0,31093
MZ672101.1,MG772934.1,87.756,29932,3290,191,1,29827,31,29692,0.0,30860
MZ672101.1,KY417146.1,80.177,30243,5078,553,2,29836,30,29763,0.0,22531
MZ672101.1,KY417152.1,80.167,30238,5092,548,2,29836,30,29765,0.0,22515
MZ672101.1,KC881006.1,80.149,30235,5103,544,2,29836,30,29765,0.0,22493
MZ637362.1,MG772933.1,87.947,29876,3286,180,2,29767,38,29708,0.0,30986
MZ637362.1,MG772934.1,87.718,29873,3290,193,2,29767,38,29638,0.0,30758
MZ637362.1,KY417146.1,80.128,30178,5074,557,1,29767,35,29700,0.0,22426
MZ637362.1,KY417152.1,80.115,30174,5087,555,1,29767,35,29702,0.0,22404
MZ637362.1,KC881006.1,80.095,30164,5098,550,8,29767,41,29702,0.0,22377
MZ604925.1,MG772933.1,87.968,30012,3284,185,6,29905,6,29802,0.0,31153
MZ604925.1,MG772934.1,87.734,30009,3290,199,6,29905,6,29732,0.0,30915
MZ604925.1,KY417146.1,80.189,30292,5080,555,6,29891,6,29782,0.0,22582
MZ604925.1,KC881006.1,80.167,30293,5103,549,6,29899,6,29792,0.0,22554
MZ604925.1,KY417152.1,80.171,30274,5090,554,6,29876,6,29769,0.0,22543
MZ604926.1,MG772933.1,87.968,30012,3284,185,6,29905,6,29802,0.0,31153
MZ604926.1,MG772934.1,87.734,30009,3290,199,6,29905,6,29732,0.0,30915
MZ604926.1,KY417146.1,80.193,30292,5079,555,6,29891,6,29782,0.0,22585
MZ604926.1,KC881006.1,80.170,30293,5102,549,6,29899,6,29792,0.0,22558
MZ604926.1,KY417152.1,80.174,30274,5089,554,6,29876,6,29769,0.0,22547
MZ576113.1,MG772933.1,87.971,29962,3289,180,6,29857,6,29762,0.0,31103
MZ576113.1,MG772934.1,87.747,29959,3292,193,6,29857,6,29692,0.0,30878
MZ576113.1,KY417146.1,80.178,30264,5080,558,6,29861,6,29758,0.0,22542
MZ576113.1,KY417152.1,80.163,30262,5090,556,6,29861,6,29760,0.0,22522
MZ576113.1,KC881006.1,80.143,30261,5098,556,6,29861,6,29760,0.0,22497
MZ558291.1,MG772933.1,87.958,29913,3280,181,1,29799,43,29747,0.0,31041
MZ558291.1,MG772934.1,87.723,29910,3286,195,1,29799,43,29677,0.0,30804
MZ558291.1,KY417146.1,80.156,30210,5074,553,1,29799,40,29739,0.0,22485
MZ558291.1,KY417152.1,80.147,30207,5084,550,1,29799,40,29741,0.0,22472
MZ558291.1,KC881006.1,80.131,30203,5094,546,2,29799,41,29741,0.0,22452
MZ538686.1,MG772933.1,87.961,29944,3283,182,2,29831,6,29741,0.0,31075
MZ538686.1,MG772934.1,87.729,29941,3288,195,2,29831,6,29671,0.0,30842
MZ538686.1,KY417146.1,80.146,30241,5080,556,2,29831,6,29733,0.0,22496
MZ538686.1,KY417152.1,80.134,30238,5091,553,2,29831,6,29735,0.0,22478
MZ538686.1,KC881006.1,80.116,30235,5102,549,2,29831,6,29735,0.0,22457
MZ538797.1,MG772933.1,87.954,29944,3285,182,2,29831,6,29741,0.0,31067
MZ538797.1,MG772934.1,87.726,29941,3289,195,2,29831,6,29671,0.0,30839
MZ538797.1,KY417146.1,80.154,30243,5074,559,2,29831,6,29733,0.0,22504
MZ538797.1,KY417152.1,80.142,30240,5085,556,2,29831,6,29735,0.0,22487
MZ538797.1,KC881006.1,80.124,30237,5096,552,2,29831,6,29735,0.0,22466
MZ512916.1,MG772933.1,87.954,30009,3287,185,6,29898,6,29802,0.0,31134
MZ512916.1,MG772934.1,87.719,30006,3293,199,6,29898,6,29732,0.0,30897
MZ512916.1,KY417146.1,80.175,30290,5081,556,6,29884,6,29782,0.0,22565
MZ512916.1,KC881006.1,80.153,30292,5102,549,6,29892,6,29792,0.0,22542
MZ512916.1,KY417152.1,80.157,30272,5091,553,6,29869,6,29769,0.0,22529
MZ512988.1,MG772933.1,87.964,30009,3284,185,6,29898,6,29802,0.0,31145
MZ512988.1,MG772934.1,87.729,30006,3290,199,6,29898,6,29732,0.0,30908
MZ512988.1,KY417146.1,80.177,30293,5075,558,6,29884,6,29782,0.0,22571
MZ512988.1,KC881006.1,80.160,30292,5100,550,6,29892,6,29792,0.0,22548
MZ512988.1,KY417152.1,80.163,30272,5089,554,6,29869,6,29769,0.0,22535
MZ467310.1,MG772933.1,87.954,29951,3282,181,4,29835,6,29749,0.0,31079
MZ467310.1,MG772934.1,87.722,29948,3287,194,4,29835,6,29679,0.0,30846
MZ467310.1,KY417146.1,80.171,30248,5070,556,4,29835,6,29741,0.0,22531
MZ467310.1,KY417152.1,80.159,30245,5081,553,4,29835,6,29743,0.0,22514
MZ467310.1,KC881006.1,80.140,30242,5092,549,4,29835,6,29743,0.0,22493
MZ436120.1,MG772933.1,87.960,29918,3280,181,1,29804,38,29747,0.0,31049
MZ436120.1,MG772934.1,87.725,29915,3286,195,1,29804,38,29677,0.0,30811
MZ436120.1,KY417146.1,80.149,30210,5076,553,6,29804,40,29739,0.0,22478
MZ436120.1,KY417152.1,80.137,30207,5087,550,6,29804,40,29741,0.0,22461
MZ436120.1,KC881006.1,80.121,30203,5097,546,7,29804,41,29741,0.0,22441
MZ411658.1,MG772933.1,87.977,30001,3293,180,6,29896,6,29802,0.0,31149
MZ411658.1,MG772934.1,87.743,29998,3299,194,6,29896,6,29732,0.0,30911
MZ411658.1,KY417146.1,80.180,30287,5083,555,6,29882,6,29782,0.0,22566
MZ411658.1,KC881006.1,80.165,30285,5109,545,6,29890,6,29792,0.0,22547
MZ411658.1,KY417152.1,80.169,30265,5098,549,6,29867,6,29769,0.0,22534
MZ984080.1,MG772933.1,87.950,29875,3286,174,1,29749,55,29741,0.0,30997
MZ984080.1,MG772934.1,87.715,29873,3290,189,1,29749,55,29671,0.0,30761
MZ984080.1,KY417152.1,80.143,30166,5091,546,1,29749,52,29735,0.0,22432
MZ984080.1,KC881006.1,80.125,30163,5102,545,1,29749,52,29735,0.0,22406
MZ984080.1,KC881005.1,80.051,30177,5099,554,1,29749,52,29735,0.0,22346
MZ995597.1,MG772933.1,87.969,29923,3283,176,1,29797,31,29762,0.0,31067
MZ995597.1,MG772934.1,87.732,29924,3282,193,1,29797,31,29692,0.0,30833
MZ995597.1,KY417146.1,80.159,30230,5069,562,2,29802,30,29759,0.0,22496
MZ995597.1,KY417152.1,80.161,30219,5090,549,2,29802,30,29761,0.0,22493
MZ995597.1,KC881006.1,80.140,30216,5102,548,2,29802,30,29761,0.0,22463
MZ942542.1,MG772933.1,87.915,29780,3281,175,1,29653,135,29723,0.0,30861
MZ942542.1,MG772934.1,87.680,29772,3296,184,1,29653,135,29653,0.0,30619
MZ942542.1,KY417146.1,80.082,30079,5069,558,1,29653,133,29715,0.0,22299
MZ942542.1,KY417152.1,80.084,30067,5092,543,1,29653,133,29717,0.0,22295
MZ942542.1,KC881006.1,80.064,30066,5100,543,1,29653,133,29717,0.0,22270
MZ943384.1,MG772933.1,87.937,29876,3287,175,1,29750,40,29724,0.0,30984
MZ943384.1,MG772934.1,87.702,29874,3291,190,1,29750,40,29654,0.0,30748
MZ943384.1,KY417146.1,80.127,30177,5067,563,4,29750,40,29716,0.0,22421
MZ943384.1,KY417152.1,80.122,30164,5094,546,4,29750,40,29718,0.0,22409
MZ943384.1,KC881006.1,80.103,30160,5105,545,5,29750,41,29718,0.0,22382
MZ908711.1,MG772933.1,87.958,29913,3281,178,1,29785,39,29758,0.0,31045
MZ908711.1,MG772934.1,87.726,29909,3288,190,1,29785,39,29688,0.0,30811
MZ908711.1,KY417146.1,80.140,30211,5070,564,5,29785,40,29750,0.0,22458
MZ908711.1,KY417152.1,80.142,30199,5093,549,5,29785,40,29752,0.0,22455
MZ908711.1,KC881006.1,80.123,30195,5104,548,6,29785,41,29752,0.0,22427
MZ854551.1,MG772933.1,87.951,29904,3286,174,3,29780,43,29755,0.0,31031
MZ854551.1,MG772934.1,87.720,29902,3289,190,3,29780,43,29685,0.0,30797
MZ854551.1,KY417146.1,80.140,30211,5064,568,3,29780,40,29747,0.0,22457
MZ854551.1,KY417152.1,80.137,30202,5083,557,3,29780,40,29749,0.0,22449
MZ854551.1,KC881006.1,80.119,30195,5099,551,4,29780,41,29749,0.0,22423
MZ861063.1,MG772933.1,87.940,29876,3286,175,1,29750,40,29724,0.0,30988
MZ861063.1,MG772934.1,87.698,29874,3292,190,1,29750,40,29654,0.0,30744
MZ861063.1,KY417146.1,80.113,30176,5073,561,4,29750,40,29716,0.0,22406
MZ861063.1,KY417152.1,80.115,30164,5096,546,4,29750,40,29718,0.0,22402
MZ861063.1,KC881006.1,80.096,30160,5107,545,5,29750,41,29718,0.0,22374
MZ861798.1,MG772933.1,87.943,29876,3285,175,1,29750,40,29724,0.0,30992
MZ861798.1,MG772934.1,87.708,29874,3289,190,1,29750,40,29654,0.0,30755
MZ861798.1,KY417146.1,80.127,30177,5067,563,4,29750,40,29716,0.0,22421
MZ861798.1,KY417152.1,80.125,30164,5093,546,4,29750,40,29718,0.0,22413
MZ861798.1,KC881006.1,80.106,30160,5104,545,5,29750,41,29718,0.0,22386
MZ849971.1,MG772933.1,87.954,29901,3288,174,1,29775,40,29752,0.0,31028
MZ849971.1,MG772934.1,87.719,29899,3292,189,1,29775,40,29682,0.0,30792
MZ849971.1,KY417152.1,80.155,30189,5092,546,4,29775,40,29746,0.0,22463
MZ849971.1,KC881006.1,80.136,30185,5103,545,5,29775,41,29746,0.0,22435
MZ849971.1,KC881005.1,80.063,30200,5100,554,4,29775,40,29746,0.0,22377
MZ780417.1,MG772933.1,87.948,29929,3290,175,1,29803,25,29762,0.0,31056
MZ780417.1,MG772934.1,87.720,29927,3292,190,1,29803,25,29692,0.0,30827
MZ780417.1,KY417146.1,80.147,30242,5074,562,5,29816,26,29767,0.0,22497
MZ780417.1,KY417152.1,80.149,30230,5097,547,5,29816,26,29769,0.0,22493
MZ780417.1,KC881006.1,80.127,30227,5109,546,5,29816,26,29769,0.0,22464
MZ780900.1,MG772933.1,87.966,29940,3289,174,3,29816,6,29757,0.0,31082
MZ780900.1,MG772934.1,87.731,29938,3293,189,3,29816,6,29687,0.0,30846
MZ780900.1,KY417152.1,80.163,30231,5095,549,3,29816,6,29751,0.0,22501
MZ780900.1,KC881006.1,80.141,30228,5107,548,3,29816,6,29751,0.0,22471
MZ780900.1,KC881005.1,80.071,30242,5103,557,3,29816,6,29751,0.0,22415
MZ784987.1,MG772933.1,87.930,29843,3285,175,1,29717,73,29724,0.0,30943
MZ784987.1,MG772934.1,87.695,29841,3289,193,1,29717,73,29654,0.0,30702
MZ784987.1,KY417146.1,80.102,30144,5074,558,1,29717,70,29716,0.0,22371
MZ784987.1,KY417152.1,80.104,30132,5097,543,1,29717,70,29718,0.0,22367
MZ784987.1,KC881006.1,80.086,30129,5108,542,1,29717,70,29718,0.0,22341
MZ741279.1,MG772933.1,87.942,29923,3291,175,1,29797,31,29762,0.0,31039
MZ741279.1,MG772934.1,87.708,29921,3295,190,1,29797,31,29692,0.0,30803
MZ741279.1,KY417146.1,80.158,30234,5070,562,2,29806,30,29763,0.0,22499
MZ741279.1,KY417152.1,80.160,30222,5093,547,2,29806,30,29765,0.0,22495
MZ741279.1,KC881006.1,80.138,30219,5105,546,2,29806,30,29765,0.0,22465
MZ724326.1,MG772933.1,87.962,29923,3285,175,1,29797,31,29762,0.0,31061
MZ724326.1,MG772934.1,87.728,29921,3289,190,1,29797,31,29692,0.0,30825
MZ724326.1,KY417146.1,80.163,30231,5068,562,2,29803,30,29760,0.0,22501
MZ724326.1,KY417152.1,80.165,30219,5091,547,2,29803,30,29762,0.0,22498
MZ724326.1,KC881006.1,80.143,30216,5103,546,2,29803,30,29762,0.0,22468
MZ780381.1,MG772933.1,87.960,29958,3299,176,3,29853,6,29762,0.0,31105
MZ780381.1,MG772934.1,87.737,29951,3309,190,3,29853,6,29692,0.0,30870
MZ780381.1,KY417146.1,80.155,30270,5093,555,3,29866,6,29767,0.0,22536
MZ780381.1,KY417152.1,80.143,30271,5097,552,3,29866,6,29769,0.0,22528
MZ780381.1,KC881006.1,80.111,30268,5112,551,3,29866,6,29769,0.0,22487
MZ724466.1,MG772933.1,87.991,29919,3285,176,1,29812,39,29756,0.0,31081
MZ724466.1,MG772934.1,87.767,29912,3295,190,1,29812,39,29686,0.0,30846
MZ724466.1,KY417146.1,80.169,30216,5077,554,5,29812,40,29748,0.0,22499
MZ724466.1,KY417152.1,80.157,30217,5081,551,5,29812,40,29750,0.0,22490
MZ724466.1,KC881006.1,80.128,30213,5095,550,6,29812,41,29750,0.0,22452
MZ724506.1,MG772933.1,88.008,29919,3280,176,1,29812,31,29748,0.0,31099
MZ724506.1,MG772934.1,87.784,29912,3290,190,1,29812,31,29678,0.0,30865
MZ724506.1,KY417152.1,80.167,30212,5092,542,2,29812,30,29742,0.0,22500
MZ724506.1,KY417146.1,80.169,30215,5084,549,2,29812,30,29740,0.0,22500
MZ724506.1,KC881006.1,80.136,30206,5112,536,2,29812,30,29742,0.0,22461
MZ724507.1,MG772933.1,88.002,29913,3281,176,3,29808,38,29749,0.0,31087
MZ724507.1,MG772934.1,87.778,29906,3291,190,3,29808,38,29679,0.0,30852
MZ724507.1,KY417152.1,80.158,30209,5094,542,1,29808,34,29743,0.0,22488
MZ724507.1,KY417146.1,80.160,30212,5086,549,1,29808,34,29741,0.0,22488
MZ724507.1,KC881006.1,80.132,30195,5112,535,9,29808,41,29743,0.0,22449
MZ702637.1,MG772933.1,87.984,29909,3278,179,1,29795,51,29757,0.0,31064
MZ702637.1,MG772934.1,87.761,29904,3284,196,1,29795,51,29687,0.0,30830
MZ702637.1,KY417146.1,80.153,30206,5080,551,1,29795,48,29749,0.0,22478
MZ702637.1,KY417152.1,80.150,30207,5081,551,1,29795,48,29751,0.0,22475
MZ702637.1,KC881006.1,80.120,30206,5092,552,1,29795,48,29751,0.0,22438
MZ702699.1,MG772933.1,87.993,29908,3277,177,1,29795,51,29757,0.0,31075
MZ702699.1,MG772934.1,87.768,29904,3282,196,1,29795,51,29687,0.0,30838
MZ702699.1,KY417146.1,80.156,30205,5081,550,1,29795,48,29749,0.0,22480
MZ702699.1,KY417152.1,80.153,30206,5082,551,1,29795,48,29751,0.0,22476
MZ702699.1,KC881006.1,80.124,30203,5096,550,1,29795,48,29751,0.0,22439
MZ684714.1,MG772933.1,88.002,29930,3289,176,1,29826,31,29762,0.0,31100
MZ684714.1,MG772934.1,87.771,29929,3290,193,1,29826,31,29692,0.0,30868
MZ684714.1,KY417146.1,80.171,30234,5083,554,2,29829,30,29757,0.0,22513
MZ684714.1,KY417152.1,80.163,30237,5082,552,2,29829,30,29759,0.0,22512
MZ684714.1,KC881006.1,80.135,30234,5096,553,2,29829,30,29759,0.0,22472
MZ685740.1,MG772933.1,88.005,29929,3290,174,1,29826,31,29762,0.0,31104
MZ685740.1,MG772934.1,87.774,29928,3291,191,1,29826,31,29692,0.0,30871
MZ685740.1,KY417146.1,80.173,30236,5083,554,2,29831,30,29759,0.0,22516
MZ685740.1,KY417152.1,80.165,30239,5082,552,2,29831,30,29761,0.0,22515
MZ685740.1,KC881006.1,80.136,30236,5096,553,2,29831,30,29761,0.0,22475
MZ571142.1,MG772933.1,88.010,29924,3281,175,1,29818,26,29748,0.0,31108
MZ571142.1,MG772934.1,87.786,29917,3291,189,1,29818,26,29678,0.0,30873
MZ571142.1,KY417146.1,80.175,30225,5072,557,4,29818,26,29740,0.0,22512
MZ571142.1,KY417152.1,80.163,30226,5076,554,4,29818,26,29742,0.0,22503
MZ571142.1,KC881006.1,80.131,30223,5091,553,4,29818,26,29742,0.0,22462
MZ562746.1,MG772933.1,87.999,29940,3286,175,1,29834,24,29762,0.0,31113
MZ562746.1,MG772934.1,87.776,29933,3296,189,1,29834,24,29692,0.0,30878
MZ562746.1,KY417146.1,80.172,30240,5080,555,6,29837,26,29757,0.0,22519
MZ562746.1,KY417152.1,80.159,30241,5084,552,6,29837,26,29759,0.0,22510
MZ562746.1,KC881006.1,80.128,30238,5099,551,6,29837,26,29759,0.0,22470
MZ562747.1,MG772933.1,87.992,29938,3287,176,1,29831,26,29762,0.0,31102
MZ562747.1,MG772934.1,87.769,29931,3297,190,1,29831,26,29692,0.0,30867
MZ562747.1,KY417146.1,80.165,30239,5081,557,4,29833,26,29756,0.0,22508
MZ562747.1,KY417152.1,80.148,30239,5088,550,4,29833,26,29758,0.0,22499
MZ562747.1,KC881006.1,80.116,30236,5103,549,4,29833,26,29758,0.0,22458
MZ562748.1,MG772933.1,87.995,29938,3286,176,1,29831,26,29762,0.0,31105
MZ562748.1,MG772934.1,87.772,29931,3296,190,1,29831,26,29692,0.0,30871
MZ562748.1,KY417146.1,80.170,30242,5076,559,4,29834,26,29757,0.0,22516
MZ562748.1,KY417152.1,80.153,30242,5083,552,4,29834,26,29759,0.0,22507
MZ562748.1,KC881006.1,80.122,30239,5098,551,4,29834,26,29759,0.0,22466
MZ562749.1,MG772933.1,88.012,29938,3281,176,1,29831,26,29762,0.0,31124
MZ562749.1,MG772934.1,87.789,29931,3291,190,1,29831,26,29692,0.0,30889
MZ562749.1,KY417146.1,80.187,30243,5081,552,4,29840,26,29763,0.0,22539
MZ562749.1,KY417152.1,80.181,30244,5083,549,4,29840,26,29765,0.0,22538
MZ562749.1,KC881006.1,80.151,30238,5103,543,4,29840,26,29765,0.0,22499
MZ562756.1,MG772933.1,87.995,29938,3286,176,1,29831,26,29762,0.0,31105
MZ562756.1,MG772934.1,87.772,29932,3294,191,1,29831,26,29692,0.0,30872
MZ562756.1,KY417146.1,80.168,30244,5071,559,4,29833,26,29756,0.0,22520
MZ562756.1,KY417152.1,80.150,30242,5082,550,4,29833,26,29758,0.0,22507
MZ562756.1,KC881006.1,80.118,30239,5097,549,4,29833,26,29758,0.0,22467
MZ983984.1,MG772933.1,87.982,29897,3276,179,2,29782,6,29701,0.0,31050
MZ983984.1,MG772934.1,87.751,29896,3277,193,2,29782,6,29631,0.0,30822
MZ983984.1,KY417146.1,80.134,30198,5072,560,2,29782,6,29693,0.0,22447
MZ983984.1,KY417152.1,80.126,30195,5082,552,2,29782,6,29695,0.0,22441
MZ983984.1,KC881006.1,80.093,30195,5092,552,2,29782,6,29695,0.0,22403
MZ984461.1,MG772933.1,87.964,29786,3272,177,1,29670,135,29723,0.0,30915
MZ984461.1,MG772934.1,87.732,29785,3273,191,1,29670,135,29653,0.0,30687
MZ984461.1,KY417152.1,80.098,30087,5069,552,1,29670,133,29717,0.0,22328
MZ984461.1,KY417146.1,80.096,30094,5055,562,1,29670,133,29715,0.0,22328
MZ984461.1,KC881006.1,80.068,30087,5078,552,1,29670,133,29717,0.0,22295
MZ987731.1,MG772933.1,87.939,29790,3277,179,1,29674,135,29724,0.0,30891
MZ987731.1,MG772934.1,87.706,29787,3282,191,1,29674,135,29654,0.0,30660
MZ987731.1,KY417146.1,80.086,30090,5070,557,1,29674,133,29716,0.0,22313
MZ987731.1,KY417152.1,80.080,30086,5081,548,1,29674,133,29718,0.0,22309
MZ987731.1,KC881006.1,80.048,30087,5089,548,1,29674,133,29718,0.0,22275
MZ990136.1,MG772933.1,87.920,29786,3276,182,1,29661,135,29723,0.0,30866
MZ990136.1,MG772934.1,87.694,29783,3279,196,1,29661,135,29653,0.0,30639
MZ990136.1,KY417146.1,80.092,30083,5067,556,1,29661,133,29715,0.0,22315
MZ990136.1,KY417152.1,80.086,30074,5087,542,1,29661,133,29717,0.0,22308
MZ990136.1,KC881006.1,80.059,30074,5095,541,1,29661,133,29717,0.0,22279
MZ995753.1,MG772933.1,87.973,29933,3283,179,1,29817,31,29762,0.0,31078
MZ995753.1,MG772934.1,87.742,29932,3284,193,1,29817,31,29692,0.0,30850
MZ995753.1,KY417146.1,80.157,30242,5076,558,2,29826,30,29763,0.0,22506
MZ995753.1,KY417152.1,80.148,30239,5086,550,2,29826,30,29765,0.0,22500
MZ995753.1,KC881006.1,80.115,30239,5096,550,2,29826,30,29765,0.0,22463
MZ964828.1,MG772933.1,87.980,29933,3281,179,1,29817,31,29762,0.0,31085
MZ964828.1,MG772934.1,87.756,29932,3280,193,1,29817,31,29692,0.0,30865
MZ964828.1,KY417146.1,80.168,30239,5070,560,2,29822,30,29759,0.0,22515
MZ964828.1,KY417152.1,80.159,30236,5080,552,2,29822,30,29761,0.0,22509
MZ964828.1,KC881006.1,80.126,30236,5090,552,2,29822,30,29761,0.0,22472
MZ965576.1,MG772933.1,87.992,29888,3272,179,1,29772,55,29741,0.0,31052
MZ965576.1,MG772934.1,87.761,29887,3273,193,1,29772,55,29671,0.0,30824
MZ965576.1,KY417146.1,80.169,30185,5070,557,1,29772,52,29733,0.0,22472
MZ965576.1,KY417152.1,80.153,30186,5075,549,1,29772,52,29735,0.0,22467
MZ965576.1,KC881006.1,80.123,30186,5084,549,1,29772,52,29735,0.0,22433
MZ965901.1,MG772933.1,87.992,29888,3272,179,1,29772,55,29741,0.0,31052
MZ965901.1,MG772934.1,87.761,29887,3273,193,1,29772,55,29671,0.0,30824
MZ965901.1,KY417146.1,80.169,30185,5070,557,1,29772,52,29733,0.0,22472
MZ965901.1,KY417152.1,80.153,30186,5075,549,1,29772,52,29735,0.0,22467
MZ965901.1,KC881006.1,80.123,30186,5084,549,1,29772,52,29735,0.0,22433
MZ970783.1,MG772933.1,87.985,29888,3274,179,1,29772,55,29741,0.0,31044
MZ970783.1,MG772934.1,87.754,29887,3275,193,1,29772,55,29671,0.0,30816
MZ970783.1,KY417146.1,80.152,30189,5068,557,1,29772,52,29733,0.0,22461
MZ970783.1,KY417152.1,80.143,30186,5078,549,1,29772,52,29735,0.0,22455
MZ970783.1,KC881006.1,80.113,30186,5087,549,1,29772,52,29735,0.0,22422
MZ970793.1,MG772933.1,87.985,29888,3274,180,1,29772,55,29741,0.0,31043
MZ970793.1,MG772934.1,87.756,29885,3278,192,1,29772,55,29671,0.0,30816
MZ970793.1,KY417146.1,80.144,30188,5072,557,1,29772,52,29733,0.0,22451
MZ970793.1,KY417152.1,80.138,30184,5083,548,1,29772,52,29735,0.0,22447
MZ970793.1,KC881006.1,80.106,30185,5091,548,1,29772,52,29735,0.0,22413
MZ970801.1,MG772933.1,87.908,29887,3276,183,1,29749,55,29741,0.0,30967
MZ970801.1,MG772934.1,87.679,29885,3278,193,1,29749,55,29671,0.0,30746
MZ970801.1,KY417152.1,80.053,30185,5084,552,1,29749,52,29735,0.0,22365
MZ970801.1,KY417146.1,80.057,30186,5079,559,1,29749,52,29733,0.0,22363
MZ970801.1,KC881006.1,80.017,30186,5093,552,1,29749,52,29735,0.0,22327
MZ970807.1,MG772933.1,87.978,29888,3276,180,1,29772,55,29741,0.0,31035
MZ970807.1,MG772934.1,87.750,29885,3280,192,1,29772,55,29671,0.0,30808
MZ970807.1,KY417146.1,80.149,30190,5067,560,1,29772,52,29733,0.0,22456
MZ970807.1,KY417152.1,80.140,30186,5079,551,1,29772,52,29735,0.0,22449
MZ970807.1,KC881006.1,80.107,30187,5087,551,1,29772,52,29735,0.0,22415
MZ970808.1,MG772933.1,87.973,29890,3274,180,1,29772,55,29741,0.0,31034
MZ970808.1,MG772934.1,87.747,29887,3277,195,1,29772,55,29671,0.0,30806
MZ970808.1,KY417146.1,80.148,30189,5069,558,1,29772,52,29733,0.0,22456
MZ970808.1,KY417152.1,80.140,30186,5079,549,1,29772,52,29735,0.0,22452
MZ970808.1,KC881006.1,80.110,30186,5088,549,1,29772,52,29735,0.0,22418
MZ970810.1,MG772933.1,87.982,29888,3275,179,1,29772,55,29741,0.0,31041
MZ970810.1,MG772934.1,87.751,29887,3276,193,1,29772,55,29671,0.0,30813
MZ970810.1,KY417146.1,80.145,30189,5070,557,1,29772,52,29733,0.0,22454
MZ970810.1,KY417152.1,80.136,30186,5080,549,1,29772,52,29735,0.0,22448
MZ970810.1,KC881006.1,80.107,30186,5089,549,1,29772,52,29735,0.0,22415
OK012716.1,MG772933.1,87.957,29934,3285,176,1,29819,31,29759,0.0,31067
OK012716.1,MG772934.1,87.729,29933,3285,193,1,29819,31,29689,0.0,30839
OK012716.1,KY417146.1,80.160,30232,5074,561,2,29819,30,29751,0.0,22497
OK012716.1,KY417152.1,80.134,30228,5091,551,2,29819,30,29753,0.0,22473
OK012716.1,KC881006.1,80.109,30225,5104,551,2,29819,30,29753,0.0,22438
OK012891.1,MG772933.1,87.951,29937,3287,176,1,29822,31,29762,0.0,31064
OK012891.1,MG772934.1,87.720,29935,3290,193,1,29822,31,29692,0.0,30829
OK012891.1,KY417146.1,80.159,30240,5076,561,2,29827,30,29759,0.0,22501
OK012891.1,KY417152.1,80.133,30236,5093,551,2,29827,30,29761,0.0,22477
OK012891.1,KC881006.1,80.108,30233,5106,551,2,29827,30,29761,0.0,22442
OK013374.1,MG772933.1,87.962,29938,3282,176,1,29822,31,29762,0.0,31079
OK013374.1,MG772934.1,87.724,29937,3285,191,1,29822,31,29692,0.0,30842
OK013374.1,KY417146.1,80.165,30244,5075,560,2,29831,30,29763,0.0,22513
OK013374.1,KY417152.1,80.139,30240,5092,550,2,29831,30,29765,0.0,22488
OK013374.1,KC881006.1,80.117,30237,5104,551,2,29831,30,29765,0.0,22455
OK013808.1,MG772933.1,87.964,29936,3281,178,1,29820,31,29760,0.0,31076
OK013808.1,MG772934.1,87.733,29934,3284,195,1,29820,31,29690,0.0,30841
OK013808.1,KY417146.1,80.178,30234,5067,563,2,29820,30,29752,0.0,22517
OK013808.1,KY417152.1,80.152,30230,5084,553,2,29820,30,29754,0.0,22493
OK013808.1,KC881006.1,80.127,30227,5097,553,2,29820,30,29754,0.0,22458
OK015482.1,MG772933.1,87.958,29937,3285,176,1,29822,31,29762,0.0,31072
OK015482.1,MG772934.1,87.723,29935,3289,193,1,29822,31,29692,0.0,30833
OK015482.1,KY417146.1,80.165,30244,5075,561,2,29831,30,29763,0.0,22511
OK015482.1,KY417152.1,80.139,30240,5092,551,2,29831,30,29765,0.0,22487
OK015482.1,KC881006.1,80.114,30237,5105,551,2,29831,30,29765,0.0,22452
OK016680.1,MG772933.1,87.958,29938,3283,177,1,29822,31,29762,0.0,31073
OK016680.1,MG772934.1,87.720,29936,3288,194,1,29822,31,29692,0.0,30830
OK016680.1,KY417146.1,80.155,30244,5078,561,2,29831,30,29763,0.0,22500
OK016680.1,KY417152.1,80.129,30240,5095,551,2,29831,30,29765,0.0,22475
OK016680.1,KC881006.1,80.110,30237,5106,551,2,29831,30,29765,0.0,22448
MZ977726.1,MG772933.1,87.936,29933,3288,177,1,29815,31,29758,0.0,31044
MZ977726.1,MG772934.1,87.702,29932,3290,194,1,29815,31,29688,0.0,30808
MZ977726.1,KY417146.1,80.161,30229,5074,561,2,29815,30,29750,0.0,22496
MZ977726.1,KY417152.1,80.136,30225,5091,551,2,29815,30,29752,0.0,22471
MZ977726.1,KC881006.1,80.111,30222,5104,551,2,29815,30,29752,0.0,22436
MZ978262.1,MG772933.1,87.948,29938,3280,179,1,29816,31,29762,0.0,31064
MZ978262.1,MG772934.1,87.717,29936,3283,196,1,29816,31,29692,0.0,30828
MZ978262.1,KY417146.1,80.144,30238,5072,565,2,29818,30,29756,0.0,22484
MZ978262.1,KY417152.1,80.118,30234,5089,555,2,29818,30,29758,0.0,22459
MZ978262.1,KC881006.1,80.100,30231,5100,555,2,29818,30,29758,0.0,22432
MZ978268.1,MG772933.1,87.961,29937,3284,176,1,29822,31,29762,0.0,31076
MZ978268.1,MG772934.1,87.730,29935,3287,193,1,29822,31,29692,0.0,30840
MZ978268.1,KY417146.1,80.175,30234,5074,560,2,29823,30,29755,0.0,22513
MZ978268.1,KY417152.1,80.148,30229,5093,549,2,29823,30,29757,0.0,22487
MZ978268.1,KC881006.1,80.125,30229,5100,552,2,29823,30,29757,0.0,22457
MZ978279.1,MG772933.1,87.956,29932,3283,178,1,29816,31,29756,0.0,31063
MZ978279.1,MG772934.1,87.722,29931,3285,195,1,29816,31,29686,0.0,30827
MZ978279.1,KY417146.1,80.149,30230,5075,563,2,29816,30,29748,0.0,22481
MZ978279.1,KY417152.1,80.123,30226,5092,553,2,29816,30,29750,0.0,22457
MZ978279.1,KC881006.1,80.098,30223,5105,553,2,29816,30,29750,0.0,22422
MZ978320.1,MG772933.1,87.965,29937,3283,176,1,29822,31,29762,0.0,31079
MZ978320.1,MG772934.1,87.730,29936,3285,193,1,29822,31,29692,0.0,30843
MZ978320.1,KY417146.1,80.168,30244,5074,561,2,29831,30,29763,0.0,22515
MZ978320.1,KY417152.1,80.142,30240,5091,551,2,29831,30,29765,0.0,22490
MZ978320.1,KC881006.1,80.117,30237,5104,551,2,29831,30,29765,0.0,22455
MZ978563.1,MG772933.1,87.948,29938,3286,178,1,29822,31,29762,0.0,31061
MZ978563.1,MG772934.1,87.711,29937,3289,195,1,29822,31,29692,0.0,30821
MZ978563.1,KY417146.1,80.149,30245,5078,563,2,29831,30,29763,0.0,22493
MZ978563.1,KY417152.1,80.126,30240,5096,553,2,29831,30,29765,0.0,22469
MZ978563.1,KC881006.1,80.101,30237,5109,553,2,29831,30,29765,0.0,22434
MZ979065.1,MG772933.1,87.951,29937,3287,176,1,29822,31,29762,0.0,31064
MZ979065.1,MG772934.1,87.717,29936,3289,193,1,29822,31,29692,0.0,30828
MZ979065.1,KY417146.1,80.155,30240,5075,562,2,29826,30,29758,0.0,22498
MZ979065.1,KY417152.1,80.130,30236,5092,552,2,29826,30,29760,0.0,22473
MZ979065.1,KC881006.1,80.105,30233,5105,551,2,29826,30,29760,0.0,22440
MZ979100.1,MG772933.1,87.942,29931,3289,176,1,29816,31,29756,0.0,31048
MZ979100.1,MG772934.1,87.711,29929,3292,193,1,29816,31,29686,0.0,30813
MZ979100.1,KY417146.1,80.152,30229,5076,561,2,29816,30,29748,0.0,22485
MZ979100.1,KY417152.1,80.126,30225,5093,551,2,29816,30,29750,0.0,22461
MZ979100.1,KC881006.1,80.101,30222,5106,551,2,29816,30,29750,0.0,22426
